CRITICAL - 2022-01-07 06:59:56 --> Undefined array key "product_promo_1"
#0 /home/samueladriel/Documents/Developments/Codeigniter/Projects/putra-ecommerce/app/Views/frontend/pages/homePages/index.php(21): CodeIgniter\Debug\Exceptions->errorHandler(2, 'Undefined array...', '/home/samueladr...', 21)
#1 /home/samueladriel/Documents/Developments/Codeigniter/Projects/putra-ecommerce/vendor/codeigniter4/framework/system/View/View.php(210): include('/home/samueladr...')
#2 /home/samueladriel/Documents/Developments/Codeigniter/Projects/putra-ecommerce/vendor/codeigniter4/framework/system/View/View.php(213): CodeIgniter\View\View->CodeIgniter\View\{closure}()
#3 /home/samueladriel/Documents/Developments/Codeigniter/Projects/putra-ecommerce/vendor/codeigniter4/framework/system/Common.php(1089): CodeIgniter\View\View->render('frontend/pages/...', Array, true)
#4 /home/samueladriel/Documents/Developments/Codeigniter/Projects/putra-ecommerce/app/Controllers/Frontend/HomeController.php(24): view('frontend/pages/...', Array)
#5 /home/samueladriel/Documents/Developments/Codeigniter/Projects/putra-ecommerce/vendor/codeigniter4/framework/system/CodeIgniter.php(825): App\Controllers\Frontend\HomeController->index()
#6 /home/samueladriel/Documents/Developments/Codeigniter/Projects/putra-ecommerce/vendor/codeigniter4/framework/system/CodeIgniter.php(412): CodeIgniter\CodeIgniter->runController(Object(App\Controllers\Frontend\HomeController))
#7 /home/samueladriel/Documents/Developments/Codeigniter/Projects/putra-ecommerce/vendor/codeigniter4/framework/system/CodeIgniter.php(320): CodeIgniter\CodeIgniter->handleRequest(NULL, Object(Config\Cache), false)
#8 /home/samueladriel/Documents/Developments/Codeigniter/Projects/putra-ecommerce/public/index.php(37): CodeIgniter\CodeIgniter->run()
#9 /home/samueladriel/Documents/Developments/Codeigniter/Projects/putra-ecommerce/vendor/codeigniter4/framework/system/Commands/Server/rewrite.php(43): require_once('/home/samueladr...')
#10 {main}
CRITICAL - 2022-01-07 06:59:56 --> Undefined array key "product_promo_1"
#0 /home/samueladriel/Documents/Developments/Codeigniter/Projects/putra-ecommerce/app/Views/frontend/pages/homePages/index.php(21): CodeIgniter\Debug\Exceptions->errorHandler(2, 'Undefined array...', '/home/samueladr...', 21)
#1 /home/samueladriel/Documents/Developments/Codeigniter/Projects/putra-ecommerce/vendor/codeigniter4/framework/system/View/View.php(210): include('/home/samueladr...')
#2 /home/samueladriel/Documents/Developments/Codeigniter/Projects/putra-ecommerce/vendor/codeigniter4/framework/system/View/View.php(213): CodeIgniter\View\View->CodeIgniter\View\{closure}()
#3 /home/samueladriel/Documents/Developments/Codeigniter/Projects/putra-ecommerce/vendor/codeigniter4/framework/system/Common.php(1089): CodeIgniter\View\View->render('frontend/pages/...', Array, true)
#4 /home/samueladriel/Documents/Developments/Codeigniter/Projects/putra-ecommerce/app/Controllers/Frontend/HomeController.php(24): view('frontend/pages/...', Array)
#5 /home/samueladriel/Documents/Developments/Codeigniter/Projects/putra-ecommerce/vendor/codeigniter4/framework/system/CodeIgniter.php(825): App\Controllers\Frontend\HomeController->index()
#6 /home/samueladriel/Documents/Developments/Codeigniter/Projects/putra-ecommerce/vendor/codeigniter4/framework/system/CodeIgniter.php(412): CodeIgniter\CodeIgniter->runController(Object(App\Controllers\Frontend\HomeController))
#7 /home/samueladriel/Documents/Developments/Codeigniter/Projects/putra-ecommerce/vendor/codeigniter4/framework/system/CodeIgniter.php(320): CodeIgniter\CodeIgniter->handleRequest(NULL, Object(Config\Cache), false)
#8 /home/samueladriel/Documents/Developments/Codeigniter/Projects/putra-ecommerce/public/index.php(37): CodeIgniter\CodeIgniter->run()
#9 /home/samueladriel/Documents/Developments/Codeigniter/Projects/putra-ecommerce/vendor/codeigniter4/framework/system/Commands/Server/rewrite.php(43): require_once('/home/samueladr...')
#10 {main}
CRITICAL - 2022-01-07 06:59:57 --> Undefined array key "product_promo_1"
#0 /home/samueladriel/Documents/Developments/Codeigniter/Projects/putra-ecommerce/app/Views/frontend/pages/homePages/index.php(21): CodeIgniter\Debug\Exceptions->errorHandler(2, 'Undefined array...', '/home/samueladr...', 21)
#1 /home/samueladriel/Documents/Developments/Codeigniter/Projects/putra-ecommerce/vendor/codeigniter4/framework/system/View/View.php(210): include('/home/samueladr...')
#2 /home/samueladriel/Documents/Developments/Codeigniter/Projects/putra-ecommerce/vendor/codeigniter4/framework/system/View/View.php(213): CodeIgniter\View\View->CodeIgniter\View\{closure}()
#3 /home/samueladriel/Documents/Developments/Codeigniter/Projects/putra-ecommerce/vendor/codeigniter4/framework/system/Common.php(1089): CodeIgniter\View\View->render('frontend/pages/...', Array, true)
#4 /home/samueladriel/Documents/Developments/Codeigniter/Projects/putra-ecommerce/app/Controllers/Frontend/HomeController.php(24): view('frontend/pages/...', Array)
#5 /home/samueladriel/Documents/Developments/Codeigniter/Projects/putra-ecommerce/vendor/codeigniter4/framework/system/CodeIgniter.php(825): App\Controllers\Frontend\HomeController->index()
#6 /home/samueladriel/Documents/Developments/Codeigniter/Projects/putra-ecommerce/vendor/codeigniter4/framework/system/CodeIgniter.php(412): CodeIgniter\CodeIgniter->runController(Object(App\Controllers\Frontend\HomeController))
#7 /home/samueladriel/Documents/Developments/Codeigniter/Projects/putra-ecommerce/vendor/codeigniter4/framework/system/CodeIgniter.php(320): CodeIgniter\CodeIgniter->handleRequest(NULL, Object(Config\Cache), false)
#8 /home/samueladriel/Documents/Developments/Codeigniter/Projects/putra-ecommerce/public/index.php(37): CodeIgniter\CodeIgniter->run()
#9 /home/samueladriel/Documents/Developments/Codeigniter/Projects/putra-ecommerce/vendor/codeigniter4/framework/system/Commands/Server/rewrite.php(43): require_once('/home/samueladr...')
#10 {main}
CRITICAL - 2022-01-07 06:59:57 --> Undefined array key "product_promo_1"
#0 /home/samueladriel/Documents/Developments/Codeigniter/Projects/putra-ecommerce/app/Views/frontend/pages/homePages/index.php(21): CodeIgniter\Debug\Exceptions->errorHandler(2, 'Undefined array...', '/home/samueladr...', 21)
#1 /home/samueladriel/Documents/Developments/Codeigniter/Projects/putra-ecommerce/vendor/codeigniter4/framework/system/View/View.php(210): include('/home/samueladr...')
#2 /home/samueladriel/Documents/Developments/Codeigniter/Projects/putra-ecommerce/vendor/codeigniter4/framework/system/View/View.php(213): CodeIgniter\View\View->CodeIgniter\View\{closure}()
#3 /home/samueladriel/Documents/Developments/Codeigniter/Projects/putra-ecommerce/vendor/codeigniter4/framework/system/Common.php(1089): CodeIgniter\View\View->render('frontend/pages/...', Array, true)
#4 /home/samueladriel/Documents/Developments/Codeigniter/Projects/putra-ecommerce/app/Controllers/Frontend/HomeController.php(24): view('frontend/pages/...', Array)
#5 /home/samueladriel/Documents/Developments/Codeigniter/Projects/putra-ecommerce/vendor/codeigniter4/framework/system/CodeIgniter.php(825): App\Controllers\Frontend\HomeController->index()
#6 /home/samueladriel/Documents/Developments/Codeigniter/Projects/putra-ecommerce/vendor/codeigniter4/framework/system/CodeIgniter.php(412): CodeIgniter\CodeIgniter->runController(Object(App\Controllers\Frontend\HomeController))
#7 /home/samueladriel/Documents/Developments/Codeigniter/Projects/putra-ecommerce/vendor/codeigniter4/framework/system/CodeIgniter.php(320): CodeIgniter\CodeIgniter->handleRequest(NULL, Object(Config\Cache), false)
#8 /home/samueladriel/Documents/Developments/Codeigniter/Projects/putra-ecommerce/public/index.php(37): CodeIgniter\CodeIgniter->run()
#9 /home/samueladriel/Documents/Developments/Codeigniter/Projects/putra-ecommerce/vendor/codeigniter4/framework/system/Commands/Server/rewrite.php(43): require_once('/home/samueladr...')
#10 {main}
CRITICAL - 2022-01-07 06:59:57 --> Undefined array key "product_promo_1"
#0 /home/samueladriel/Documents/Developments/Codeigniter/Projects/putra-ecommerce/app/Views/frontend/pages/homePages/index.php(21): CodeIgniter\Debug\Exceptions->errorHandler(2, 'Undefined array...', '/home/samueladr...', 21)
#1 /home/samueladriel/Documents/Developments/Codeigniter/Projects/putra-ecommerce/vendor/codeigniter4/framework/system/View/View.php(210): include('/home/samueladr...')
#2 /home/samueladriel/Documents/Developments/Codeigniter/Projects/putra-ecommerce/vendor/codeigniter4/framework/system/View/View.php(213): CodeIgniter\View\View->CodeIgniter\View\{closure}()
#3 /home/samueladriel/Documents/Developments/Codeigniter/Projects/putra-ecommerce/vendor/codeigniter4/framework/system/Common.php(1089): CodeIgniter\View\View->render('frontend/pages/...', Array, true)
#4 /home/samueladriel/Documents/Developments/Codeigniter/Projects/putra-ecommerce/app/Controllers/Frontend/HomeController.php(24): view('frontend/pages/...', Array)
#5 /home/samueladriel/Documents/Developments/Codeigniter/Projects/putra-ecommerce/vendor/codeigniter4/framework/system/CodeIgniter.php(825): App\Controllers\Frontend\HomeController->index()
#6 /home/samueladriel/Documents/Developments/Codeigniter/Projects/putra-ecommerce/vendor/codeigniter4/framework/system/CodeIgniter.php(412): CodeIgniter\CodeIgniter->runController(Object(App\Controllers\Frontend\HomeController))
#7 /home/samueladriel/Documents/Developments/Codeigniter/Projects/putra-ecommerce/vendor/codeigniter4/framework/system/CodeIgniter.php(320): CodeIgniter\CodeIgniter->handleRequest(NULL, Object(Config\Cache), false)
#8 /home/samueladriel/Documents/Developments/Codeigniter/Projects/putra-ecommerce/public/index.php(37): CodeIgniter\CodeIgniter->run()
#9 /home/samueladriel/Documents/Developments/Codeigniter/Projects/putra-ecommerce/vendor/codeigniter4/framework/system/Commands/Server/rewrite.php(43): require_once('/home/samueladr...')
#10 {main}
CRITICAL - 2022-01-07 06:59:58 --> Undefined array key "product_promo_1"
#0 /home/samueladriel/Documents/Developments/Codeigniter/Projects/putra-ecommerce/app/Views/frontend/pages/homePages/index.php(21): CodeIgniter\Debug\Exceptions->errorHandler(2, 'Undefined array...', '/home/samueladr...', 21)
#1 /home/samueladriel/Documents/Developments/Codeigniter/Projects/putra-ecommerce/vendor/codeigniter4/framework/system/View/View.php(210): include('/home/samueladr...')
#2 /home/samueladriel/Documents/Developments/Codeigniter/Projects/putra-ecommerce/vendor/codeigniter4/framework/system/View/View.php(213): CodeIgniter\View\View->CodeIgniter\View\{closure}()
#3 /home/samueladriel/Documents/Developments/Codeigniter/Projects/putra-ecommerce/vendor/codeigniter4/framework/system/Common.php(1089): CodeIgniter\View\View->render('frontend/pages/...', Array, true)
#4 /home/samueladriel/Documents/Developments/Codeigniter/Projects/putra-ecommerce/app/Controllers/Frontend/HomeController.php(24): view('frontend/pages/...', Array)
#5 /home/samueladriel/Documents/Developments/Codeigniter/Projects/putra-ecommerce/vendor/codeigniter4/framework/system/CodeIgniter.php(825): App\Controllers\Frontend\HomeController->index()
#6 /home/samueladriel/Documents/Developments/Codeigniter/Projects/putra-ecommerce/vendor/codeigniter4/framework/system/CodeIgniter.php(412): CodeIgniter\CodeIgniter->runController(Object(App\Controllers\Frontend\HomeController))
#7 /home/samueladriel/Documents/Developments/Codeigniter/Projects/putra-ecommerce/vendor/codeigniter4/framework/system/CodeIgniter.php(320): CodeIgniter\CodeIgniter->handleRequest(NULL, Object(Config\Cache), false)
#8 /home/samueladriel/Documents/Developments/Codeigniter/Projects/putra-ecommerce/public/index.php(37): CodeIgniter\CodeIgniter->run()
#9 /home/samueladriel/Documents/Developments/Codeigniter/Projects/putra-ecommerce/vendor/codeigniter4/framework/system/Commands/Server/rewrite.php(43): require_once('/home/samueladr...')
#10 {main}
CRITICAL - 2022-01-07 06:59:58 --> Undefined array key "product_promo_1"
#0 /home/samueladriel/Documents/Developments/Codeigniter/Projects/putra-ecommerce/app/Views/frontend/pages/homePages/index.php(21): CodeIgniter\Debug\Exceptions->errorHandler(2, 'Undefined array...', '/home/samueladr...', 21)
#1 /home/samueladriel/Documents/Developments/Codeigniter/Projects/putra-ecommerce/vendor/codeigniter4/framework/system/View/View.php(210): include('/home/samueladr...')
#2 /home/samueladriel/Documents/Developments/Codeigniter/Projects/putra-ecommerce/vendor/codeigniter4/framework/system/View/View.php(213): CodeIgniter\View\View->CodeIgniter\View\{closure}()
#3 /home/samueladriel/Documents/Developments/Codeigniter/Projects/putra-ecommerce/vendor/codeigniter4/framework/system/Common.php(1089): CodeIgniter\View\View->render('frontend/pages/...', Array, true)
#4 /home/samueladriel/Documents/Developments/Codeigniter/Projects/putra-ecommerce/app/Controllers/Frontend/HomeController.php(24): view('frontend/pages/...', Array)
#5 /home/samueladriel/Documents/Developments/Codeigniter/Projects/putra-ecommerce/vendor/codeigniter4/framework/system/CodeIgniter.php(825): App\Controllers\Frontend\HomeController->index()
#6 /home/samueladriel/Documents/Developments/Codeigniter/Projects/putra-ecommerce/vendor/codeigniter4/framework/system/CodeIgniter.php(412): CodeIgniter\CodeIgniter->runController(Object(App\Controllers\Frontend\HomeController))
#7 /home/samueladriel/Documents/Developments/Codeigniter/Projects/putra-ecommerce/vendor/codeigniter4/framework/system/CodeIgniter.php(320): CodeIgniter\CodeIgniter->handleRequest(NULL, Object(Config\Cache), false)
#8 /home/samueladriel/Documents/Developments/Codeigniter/Projects/putra-ecommerce/public/index.php(37): CodeIgniter\CodeIgniter->run()
#9 /home/samueladriel/Documents/Developments/Codeigniter/Projects/putra-ecommerce/vendor/codeigniter4/framework/system/Commands/Server/rewrite.php(43): require_once('/home/samueladr...')
#10 {main}
CRITICAL - 2022-01-07 07:01:48 --> Undefined array key 1
#0 /home/samueladriel/Documents/Developments/Codeigniter/Projects/putra-ecommerce/app/Views/frontend/common/modal-profile.php(466): CodeIgniter\Debug\Exceptions->errorHandler(2, 'Undefined array...', '/home/samueladr...', 466)
#1 /home/samueladriel/Documents/Developments/Codeigniter/Projects/putra-ecommerce/vendor/codeigniter4/framework/system/View/View.php(210): include('/home/samueladr...')
#2 /home/samueladriel/Documents/Developments/Codeigniter/Projects/putra-ecommerce/vendor/codeigniter4/framework/system/View/View.php(213): CodeIgniter\View\View->CodeIgniter\View\{closure}()
#3 /home/samueladriel/Documents/Developments/Codeigniter/Projects/putra-ecommerce/vendor/codeigniter4/framework/system/View/View.php(424): CodeIgniter\View\View->render('frontend/common...', NULL, true)
#4 /home/samueladriel/Documents/Developments/Codeigniter/Projects/putra-ecommerce/app/Views/frontend/pages/profile.php(218): CodeIgniter\View\View->include('frontend/common...')
#5 /home/samueladriel/Documents/Developments/Codeigniter/Projects/putra-ecommerce/vendor/codeigniter4/framework/system/View/View.php(210): include('/home/samueladr...')
#6 /home/samueladriel/Documents/Developments/Codeigniter/Projects/putra-ecommerce/vendor/codeigniter4/framework/system/View/View.php(213): CodeIgniter\View\View->CodeIgniter\View\{closure}()
#7 /home/samueladriel/Documents/Developments/Codeigniter/Projects/putra-ecommerce/vendor/codeigniter4/framework/system/Common.php(1089): CodeIgniter\View\View->render('frontend/pages/...', Array, true)
#8 /home/samueladriel/Documents/Developments/Codeigniter/Projects/putra-ecommerce/app/Controllers/Frontend/ProfileController.php(34): view('frontend/pages/...', Array)
#9 /home/samueladriel/Documents/Developments/Codeigniter/Projects/putra-ecommerce/vendor/codeigniter4/framework/system/CodeIgniter.php(825): App\Controllers\Frontend\ProfileController->index()
#10 /home/samueladriel/Documents/Developments/Codeigniter/Projects/putra-ecommerce/vendor/codeigniter4/framework/system/CodeIgniter.php(412): CodeIgniter\CodeIgniter->runController(Object(App\Controllers\Frontend\ProfileController))
#11 /home/samueladriel/Documents/Developments/Codeigniter/Projects/putra-ecommerce/vendor/codeigniter4/framework/system/CodeIgniter.php(320): CodeIgniter\CodeIgniter->handleRequest(NULL, Object(Config\Cache), false)
#12 /home/samueladriel/Documents/Developments/Codeigniter/Projects/putra-ecommerce/public/index.php(37): CodeIgniter\CodeIgniter->run()
#13 /home/samueladriel/Documents/Developments/Codeigniter/Projects/putra-ecommerce/vendor/codeigniter4/framework/system/Commands/Server/rewrite.php(43): require_once('/home/samueladr...')
#14 {main}
CRITICAL - 2022-01-07 07:01:49 --> Undefined array key 1
#0 /home/samueladriel/Documents/Developments/Codeigniter/Projects/putra-ecommerce/app/Views/frontend/common/modal-profile.php(466): CodeIgniter\Debug\Exceptions->errorHandler(2, 'Undefined array...', '/home/samueladr...', 466)
#1 /home/samueladriel/Documents/Developments/Codeigniter/Projects/putra-ecommerce/vendor/codeigniter4/framework/system/View/View.php(210): include('/home/samueladr...')
#2 /home/samueladriel/Documents/Developments/Codeigniter/Projects/putra-ecommerce/vendor/codeigniter4/framework/system/View/View.php(213): CodeIgniter\View\View->CodeIgniter\View\{closure}()
#3 /home/samueladriel/Documents/Developments/Codeigniter/Projects/putra-ecommerce/vendor/codeigniter4/framework/system/View/View.php(424): CodeIgniter\View\View->render('frontend/common...', NULL, true)
#4 /home/samueladriel/Documents/Developments/Codeigniter/Projects/putra-ecommerce/app/Views/frontend/pages/profile.php(218): CodeIgniter\View\View->include('frontend/common...')
#5 /home/samueladriel/Documents/Developments/Codeigniter/Projects/putra-ecommerce/vendor/codeigniter4/framework/system/View/View.php(210): include('/home/samueladr...')
#6 /home/samueladriel/Documents/Developments/Codeigniter/Projects/putra-ecommerce/vendor/codeigniter4/framework/system/View/View.php(213): CodeIgniter\View\View->CodeIgniter\View\{closure}()
#7 /home/samueladriel/Documents/Developments/Codeigniter/Projects/putra-ecommerce/vendor/codeigniter4/framework/system/Common.php(1089): CodeIgniter\View\View->render('frontend/pages/...', Array, true)
#8 /home/samueladriel/Documents/Developments/Codeigniter/Projects/putra-ecommerce/app/Controllers/Frontend/ProfileController.php(34): view('frontend/pages/...', Array)
#9 /home/samueladriel/Documents/Developments/Codeigniter/Projects/putra-ecommerce/vendor/codeigniter4/framework/system/CodeIgniter.php(825): App\Controllers\Frontend\ProfileController->index()
#10 /home/samueladriel/Documents/Developments/Codeigniter/Projects/putra-ecommerce/vendor/codeigniter4/framework/system/CodeIgniter.php(412): CodeIgniter\CodeIgniter->runController(Object(App\Controllers\Frontend\ProfileController))
#11 /home/samueladriel/Documents/Developments/Codeigniter/Projects/putra-ecommerce/vendor/codeigniter4/framework/system/CodeIgniter.php(320): CodeIgniter\CodeIgniter->handleRequest(NULL, Object(Config\Cache), false)
#12 /home/samueladriel/Documents/Developments/Codeigniter/Projects/putra-ecommerce/public/index.php(37): CodeIgniter\CodeIgniter->run()
#13 /home/samueladriel/Documents/Developments/Codeigniter/Projects/putra-ecommerce/vendor/codeigniter4/framework/system/Commands/Server/rewrite.php(43): require_once('/home/samueladr...')
#14 {main}
CRITICAL - 2022-01-07 07:02:43 --> Undefined array key 1
#0 /home/samueladriel/Documents/Developments/Codeigniter/Projects/putra-ecommerce/app/Views/frontend/common/modal-profile.php(466): CodeIgniter\Debug\Exceptions->errorHandler(2, 'Undefined array...', '/home/samueladr...', 466)
#1 /home/samueladriel/Documents/Developments/Codeigniter/Projects/putra-ecommerce/vendor/codeigniter4/framework/system/View/View.php(210): include('/home/samueladr...')
#2 /home/samueladriel/Documents/Developments/Codeigniter/Projects/putra-ecommerce/vendor/codeigniter4/framework/system/View/View.php(213): CodeIgniter\View\View->CodeIgniter\View\{closure}()
#3 /home/samueladriel/Documents/Developments/Codeigniter/Projects/putra-ecommerce/vendor/codeigniter4/framework/system/View/View.php(424): CodeIgniter\View\View->render('frontend/common...', NULL, true)
#4 /home/samueladriel/Documents/Developments/Codeigniter/Projects/putra-ecommerce/app/Views/frontend/pages/profile.php(218): CodeIgniter\View\View->include('frontend/common...')
#5 /home/samueladriel/Documents/Developments/Codeigniter/Projects/putra-ecommerce/vendor/codeigniter4/framework/system/View/View.php(210): include('/home/samueladr...')
#6 /home/samueladriel/Documents/Developments/Codeigniter/Projects/putra-ecommerce/vendor/codeigniter4/framework/system/View/View.php(213): CodeIgniter\View\View->CodeIgniter\View\{closure}()
#7 /home/samueladriel/Documents/Developments/Codeigniter/Projects/putra-ecommerce/vendor/codeigniter4/framework/system/Common.php(1089): CodeIgniter\View\View->render('frontend/pages/...', Array, true)
#8 /home/samueladriel/Documents/Developments/Codeigniter/Projects/putra-ecommerce/app/Controllers/Frontend/ProfileController.php(34): view('frontend/pages/...', Array)
#9 /home/samueladriel/Documents/Developments/Codeigniter/Projects/putra-ecommerce/vendor/codeigniter4/framework/system/CodeIgniter.php(825): App\Controllers\Frontend\ProfileController->index()
#10 /home/samueladriel/Documents/Developments/Codeigniter/Projects/putra-ecommerce/vendor/codeigniter4/framework/system/CodeIgniter.php(412): CodeIgniter\CodeIgniter->runController(Object(App\Controllers\Frontend\ProfileController))
#11 /home/samueladriel/Documents/Developments/Codeigniter/Projects/putra-ecommerce/vendor/codeigniter4/framework/system/CodeIgniter.php(320): CodeIgniter\CodeIgniter->handleRequest(NULL, Object(Config\Cache), false)
#12 /home/samueladriel/Documents/Developments/Codeigniter/Projects/putra-ecommerce/public/index.php(37): CodeIgniter\CodeIgniter->run()
#13 /home/samueladriel/Documents/Developments/Codeigniter/Projects/putra-ecommerce/vendor/codeigniter4/framework/system/Commands/Server/rewrite.php(43): require_once('/home/samueladr...')
#14 {main}
CRITICAL - 2022-01-07 07:02:44 --> Undefined array key 1
#0 /home/samueladriel/Documents/Developments/Codeigniter/Projects/putra-ecommerce/app/Views/frontend/common/modal-profile.php(466): CodeIgniter\Debug\Exceptions->errorHandler(2, 'Undefined array...', '/home/samueladr...', 466)
#1 /home/samueladriel/Documents/Developments/Codeigniter/Projects/putra-ecommerce/vendor/codeigniter4/framework/system/View/View.php(210): include('/home/samueladr...')
#2 /home/samueladriel/Documents/Developments/Codeigniter/Projects/putra-ecommerce/vendor/codeigniter4/framework/system/View/View.php(213): CodeIgniter\View\View->CodeIgniter\View\{closure}()
#3 /home/samueladriel/Documents/Developments/Codeigniter/Projects/putra-ecommerce/vendor/codeigniter4/framework/system/View/View.php(424): CodeIgniter\View\View->render('frontend/common...', NULL, true)
#4 /home/samueladriel/Documents/Developments/Codeigniter/Projects/putra-ecommerce/app/Views/frontend/pages/profile.php(218): CodeIgniter\View\View->include('frontend/common...')
#5 /home/samueladriel/Documents/Developments/Codeigniter/Projects/putra-ecommerce/vendor/codeigniter4/framework/system/View/View.php(210): include('/home/samueladr...')
#6 /home/samueladriel/Documents/Developments/Codeigniter/Projects/putra-ecommerce/vendor/codeigniter4/framework/system/View/View.php(213): CodeIgniter\View\View->CodeIgniter\View\{closure}()
#7 /home/samueladriel/Documents/Developments/Codeigniter/Projects/putra-ecommerce/vendor/codeigniter4/framework/system/Common.php(1089): CodeIgniter\View\View->render('frontend/pages/...', Array, true)
#8 /home/samueladriel/Documents/Developments/Codeigniter/Projects/putra-ecommerce/app/Controllers/Frontend/ProfileController.php(34): view('frontend/pages/...', Array)
#9 /home/samueladriel/Documents/Developments/Codeigniter/Projects/putra-ecommerce/vendor/codeigniter4/framework/system/CodeIgniter.php(825): App\Controllers\Frontend\ProfileController->index()
#10 /home/samueladriel/Documents/Developments/Codeigniter/Projects/putra-ecommerce/vendor/codeigniter4/framework/system/CodeIgniter.php(412): CodeIgniter\CodeIgniter->runController(Object(App\Controllers\Frontend\ProfileController))
#11 /home/samueladriel/Documents/Developments/Codeigniter/Projects/putra-ecommerce/vendor/codeigniter4/framework/system/CodeIgniter.php(320): CodeIgniter\CodeIgniter->handleRequest(NULL, Object(Config\Cache), false)
#12 /home/samueladriel/Documents/Developments/Codeigniter/Projects/putra-ecommerce/public/index.php(37): CodeIgniter\CodeIgniter->run()
#13 /home/samueladriel/Documents/Developments/Codeigniter/Projects/putra-ecommerce/vendor/codeigniter4/framework/system/Commands/Server/rewrite.php(43): require_once('/home/samueladr...')
#14 {main}
CRITICAL - 2022-01-07 07:02:45 --> Undefined array key 1
#0 /home/samueladriel/Documents/Developments/Codeigniter/Projects/putra-ecommerce/app/Views/frontend/common/modal-profile.php(466): CodeIgniter\Debug\Exceptions->errorHandler(2, 'Undefined array...', '/home/samueladr...', 466)
#1 /home/samueladriel/Documents/Developments/Codeigniter/Projects/putra-ecommerce/vendor/codeigniter4/framework/system/View/View.php(210): include('/home/samueladr...')
#2 /home/samueladriel/Documents/Developments/Codeigniter/Projects/putra-ecommerce/vendor/codeigniter4/framework/system/View/View.php(213): CodeIgniter\View\View->CodeIgniter\View\{closure}()
#3 /home/samueladriel/Documents/Developments/Codeigniter/Projects/putra-ecommerce/vendor/codeigniter4/framework/system/View/View.php(424): CodeIgniter\View\View->render('frontend/common...', NULL, true)
#4 /home/samueladriel/Documents/Developments/Codeigniter/Projects/putra-ecommerce/app/Views/frontend/pages/profile.php(218): CodeIgniter\View\View->include('frontend/common...')
#5 /home/samueladriel/Documents/Developments/Codeigniter/Projects/putra-ecommerce/vendor/codeigniter4/framework/system/View/View.php(210): include('/home/samueladr...')
#6 /home/samueladriel/Documents/Developments/Codeigniter/Projects/putra-ecommerce/vendor/codeigniter4/framework/system/View/View.php(213): CodeIgniter\View\View->CodeIgniter\View\{closure}()
#7 /home/samueladriel/Documents/Developments/Codeigniter/Projects/putra-ecommerce/vendor/codeigniter4/framework/system/Common.php(1089): CodeIgniter\View\View->render('frontend/pages/...', Array, true)
#8 /home/samueladriel/Documents/Developments/Codeigniter/Projects/putra-ecommerce/app/Controllers/Frontend/ProfileController.php(34): view('frontend/pages/...', Array)
#9 /home/samueladriel/Documents/Developments/Codeigniter/Projects/putra-ecommerce/vendor/codeigniter4/framework/system/CodeIgniter.php(825): App\Controllers\Frontend\ProfileController->index()
#10 /home/samueladriel/Documents/Developments/Codeigniter/Projects/putra-ecommerce/vendor/codeigniter4/framework/system/CodeIgniter.php(412): CodeIgniter\CodeIgniter->runController(Object(App\Controllers\Frontend\ProfileController))
#11 /home/samueladriel/Documents/Developments/Codeigniter/Projects/putra-ecommerce/vendor/codeigniter4/framework/system/CodeIgniter.php(320): CodeIgniter\CodeIgniter->handleRequest(NULL, Object(Config\Cache), false)
#12 /home/samueladriel/Documents/Developments/Codeigniter/Projects/putra-ecommerce/public/index.php(37): CodeIgniter\CodeIgniter->run()
#13 /home/samueladriel/Documents/Developments/Codeigniter/Projects/putra-ecommerce/vendor/codeigniter4/framework/system/Commands/Server/rewrite.php(43): require_once('/home/samueladr...')
#14 {main}
CRITICAL - 2022-01-07 07:02:47 --> Undefined array key 1
#0 /home/samueladriel/Documents/Developments/Codeigniter/Projects/putra-ecommerce/app/Views/frontend/common/modal-profile.php(466): CodeIgniter\Debug\Exceptions->errorHandler(2, 'Undefined array...', '/home/samueladr...', 466)
#1 /home/samueladriel/Documents/Developments/Codeigniter/Projects/putra-ecommerce/vendor/codeigniter4/framework/system/View/View.php(210): include('/home/samueladr...')
#2 /home/samueladriel/Documents/Developments/Codeigniter/Projects/putra-ecommerce/vendor/codeigniter4/framework/system/View/View.php(213): CodeIgniter\View\View->CodeIgniter\View\{closure}()
#3 /home/samueladriel/Documents/Developments/Codeigniter/Projects/putra-ecommerce/vendor/codeigniter4/framework/system/View/View.php(424): CodeIgniter\View\View->render('frontend/common...', NULL, true)
#4 /home/samueladriel/Documents/Developments/Codeigniter/Projects/putra-ecommerce/app/Views/frontend/pages/profile.php(218): CodeIgniter\View\View->include('frontend/common...')
#5 /home/samueladriel/Documents/Developments/Codeigniter/Projects/putra-ecommerce/vendor/codeigniter4/framework/system/View/View.php(210): include('/home/samueladr...')
#6 /home/samueladriel/Documents/Developments/Codeigniter/Projects/putra-ecommerce/vendor/codeigniter4/framework/system/View/View.php(213): CodeIgniter\View\View->CodeIgniter\View\{closure}()
#7 /home/samueladriel/Documents/Developments/Codeigniter/Projects/putra-ecommerce/vendor/codeigniter4/framework/system/Common.php(1089): CodeIgniter\View\View->render('frontend/pages/...', Array, true)
#8 /home/samueladriel/Documents/Developments/Codeigniter/Projects/putra-ecommerce/app/Controllers/Frontend/ProfileController.php(34): view('frontend/pages/...', Array)
#9 /home/samueladriel/Documents/Developments/Codeigniter/Projects/putra-ecommerce/vendor/codeigniter4/framework/system/CodeIgniter.php(825): App\Controllers\Frontend\ProfileController->index()
#10 /home/samueladriel/Documents/Developments/Codeigniter/Projects/putra-ecommerce/vendor/codeigniter4/framework/system/CodeIgniter.php(412): CodeIgniter\CodeIgniter->runController(Object(App\Controllers\Frontend\ProfileController))
#11 /home/samueladriel/Documents/Developments/Codeigniter/Projects/putra-ecommerce/vendor/codeigniter4/framework/system/CodeIgniter.php(320): CodeIgniter\CodeIgniter->handleRequest(NULL, Object(Config\Cache), false)
#12 /home/samueladriel/Documents/Developments/Codeigniter/Projects/putra-ecommerce/public/index.php(37): CodeIgniter\CodeIgniter->run()
#13 /home/samueladriel/Documents/Developments/Codeigniter/Projects/putra-ecommerce/vendor/codeigniter4/framework/system/Commands/Server/rewrite.php(43): require_once('/home/samueladr...')
#14 {main}
CRITICAL - 2022-01-07 07:02:48 --> Undefined array key 1
#0 /home/samueladriel/Documents/Developments/Codeigniter/Projects/putra-ecommerce/app/Views/frontend/common/modal-profile.php(466): CodeIgniter\Debug\Exceptions->errorHandler(2, 'Undefined array...', '/home/samueladr...', 466)
#1 /home/samueladriel/Documents/Developments/Codeigniter/Projects/putra-ecommerce/vendor/codeigniter4/framework/system/View/View.php(210): include('/home/samueladr...')
#2 /home/samueladriel/Documents/Developments/Codeigniter/Projects/putra-ecommerce/vendor/codeigniter4/framework/system/View/View.php(213): CodeIgniter\View\View->CodeIgniter\View\{closure}()
#3 /home/samueladriel/Documents/Developments/Codeigniter/Projects/putra-ecommerce/vendor/codeigniter4/framework/system/View/View.php(424): CodeIgniter\View\View->render('frontend/common...', NULL, true)
#4 /home/samueladriel/Documents/Developments/Codeigniter/Projects/putra-ecommerce/app/Views/frontend/pages/profile.php(218): CodeIgniter\View\View->include('frontend/common...')
#5 /home/samueladriel/Documents/Developments/Codeigniter/Projects/putra-ecommerce/vendor/codeigniter4/framework/system/View/View.php(210): include('/home/samueladr...')
#6 /home/samueladriel/Documents/Developments/Codeigniter/Projects/putra-ecommerce/vendor/codeigniter4/framework/system/View/View.php(213): CodeIgniter\View\View->CodeIgniter\View\{closure}()
#7 /home/samueladriel/Documents/Developments/Codeigniter/Projects/putra-ecommerce/vendor/codeigniter4/framework/system/Common.php(1089): CodeIgniter\View\View->render('frontend/pages/...', Array, true)
#8 /home/samueladriel/Documents/Developments/Codeigniter/Projects/putra-ecommerce/app/Controllers/Frontend/ProfileController.php(34): view('frontend/pages/...', Array)
#9 /home/samueladriel/Documents/Developments/Codeigniter/Projects/putra-ecommerce/vendor/codeigniter4/framework/system/CodeIgniter.php(825): App\Controllers\Frontend\ProfileController->index()
#10 /home/samueladriel/Documents/Developments/Codeigniter/Projects/putra-ecommerce/vendor/codeigniter4/framework/system/CodeIgniter.php(412): CodeIgniter\CodeIgniter->runController(Object(App\Controllers\Frontend\ProfileController))
#11 /home/samueladriel/Documents/Developments/Codeigniter/Projects/putra-ecommerce/vendor/codeigniter4/framework/system/CodeIgniter.php(320): CodeIgniter\CodeIgniter->handleRequest(NULL, Object(Config\Cache), false)
#12 /home/samueladriel/Documents/Developments/Codeigniter/Projects/putra-ecommerce/public/index.php(37): CodeIgniter\CodeIgniter->run()
#13 /home/samueladriel/Documents/Developments/Codeigniter/Projects/putra-ecommerce/vendor/codeigniter4/framework/system/Commands/Server/rewrite.php(43): require_once('/home/samueladr...')
#14 {main}
CRITICAL - 2022-01-07 07:02:48 --> Undefined array key 1
#0 /home/samueladriel/Documents/Developments/Codeigniter/Projects/putra-ecommerce/app/Views/frontend/common/modal-profile.php(466): CodeIgniter\Debug\Exceptions->errorHandler(2, 'Undefined array...', '/home/samueladr...', 466)
#1 /home/samueladriel/Documents/Developments/Codeigniter/Projects/putra-ecommerce/vendor/codeigniter4/framework/system/View/View.php(210): include('/home/samueladr...')
#2 /home/samueladriel/Documents/Developments/Codeigniter/Projects/putra-ecommerce/vendor/codeigniter4/framework/system/View/View.php(213): CodeIgniter\View\View->CodeIgniter\View\{closure}()
#3 /home/samueladriel/Documents/Developments/Codeigniter/Projects/putra-ecommerce/vendor/codeigniter4/framework/system/View/View.php(424): CodeIgniter\View\View->render('frontend/common...', NULL, true)
#4 /home/samueladriel/Documents/Developments/Codeigniter/Projects/putra-ecommerce/app/Views/frontend/pages/profile.php(218): CodeIgniter\View\View->include('frontend/common...')
#5 /home/samueladriel/Documents/Developments/Codeigniter/Projects/putra-ecommerce/vendor/codeigniter4/framework/system/View/View.php(210): include('/home/samueladr...')
#6 /home/samueladriel/Documents/Developments/Codeigniter/Projects/putra-ecommerce/vendor/codeigniter4/framework/system/View/View.php(213): CodeIgniter\View\View->CodeIgniter\View\{closure}()
#7 /home/samueladriel/Documents/Developments/Codeigniter/Projects/putra-ecommerce/vendor/codeigniter4/framework/system/Common.php(1089): CodeIgniter\View\View->render('frontend/pages/...', Array, true)
#8 /home/samueladriel/Documents/Developments/Codeigniter/Projects/putra-ecommerce/app/Controllers/Frontend/ProfileController.php(34): view('frontend/pages/...', Array)
#9 /home/samueladriel/Documents/Developments/Codeigniter/Projects/putra-ecommerce/vendor/codeigniter4/framework/system/CodeIgniter.php(825): App\Controllers\Frontend\ProfileController->index()
#10 /home/samueladriel/Documents/Developments/Codeigniter/Projects/putra-ecommerce/vendor/codeigniter4/framework/system/CodeIgniter.php(412): CodeIgniter\CodeIgniter->runController(Object(App\Controllers\Frontend\ProfileController))
#11 /home/samueladriel/Documents/Developments/Codeigniter/Projects/putra-ecommerce/vendor/codeigniter4/framework/system/CodeIgniter.php(320): CodeIgniter\CodeIgniter->handleRequest(NULL, Object(Config\Cache), false)
#12 /home/samueladriel/Documents/Developments/Codeigniter/Projects/putra-ecommerce/public/index.php(37): CodeIgniter\CodeIgniter->run()
#13 /home/samueladriel/Documents/Developments/Codeigniter/Projects/putra-ecommerce/vendor/codeigniter4/framework/system/Commands/Server/rewrite.php(43): require_once('/home/samueladr...')
#14 {main}
CRITICAL - 2022-01-07 07:02:48 --> Undefined array key 1
#0 /home/samueladriel/Documents/Developments/Codeigniter/Projects/putra-ecommerce/app/Views/frontend/common/modal-profile.php(466): CodeIgniter\Debug\Exceptions->errorHandler(2, 'Undefined array...', '/home/samueladr...', 466)
#1 /home/samueladriel/Documents/Developments/Codeigniter/Projects/putra-ecommerce/vendor/codeigniter4/framework/system/View/View.php(210): include('/home/samueladr...')
#2 /home/samueladriel/Documents/Developments/Codeigniter/Projects/putra-ecommerce/vendor/codeigniter4/framework/system/View/View.php(213): CodeIgniter\View\View->CodeIgniter\View\{closure}()
#3 /home/samueladriel/Documents/Developments/Codeigniter/Projects/putra-ecommerce/vendor/codeigniter4/framework/system/View/View.php(424): CodeIgniter\View\View->render('frontend/common...', NULL, true)
#4 /home/samueladriel/Documents/Developments/Codeigniter/Projects/putra-ecommerce/app/Views/frontend/pages/profile.php(218): CodeIgniter\View\View->include('frontend/common...')
#5 /home/samueladriel/Documents/Developments/Codeigniter/Projects/putra-ecommerce/vendor/codeigniter4/framework/system/View/View.php(210): include('/home/samueladr...')
#6 /home/samueladriel/Documents/Developments/Codeigniter/Projects/putra-ecommerce/vendor/codeigniter4/framework/system/View/View.php(213): CodeIgniter\View\View->CodeIgniter\View\{closure}()
#7 /home/samueladriel/Documents/Developments/Codeigniter/Projects/putra-ecommerce/vendor/codeigniter4/framework/system/Common.php(1089): CodeIgniter\View\View->render('frontend/pages/...', Array, true)
#8 /home/samueladriel/Documents/Developments/Codeigniter/Projects/putra-ecommerce/app/Controllers/Frontend/ProfileController.php(34): view('frontend/pages/...', Array)
#9 /home/samueladriel/Documents/Developments/Codeigniter/Projects/putra-ecommerce/vendor/codeigniter4/framework/system/CodeIgniter.php(825): App\Controllers\Frontend\ProfileController->index()
#10 /home/samueladriel/Documents/Developments/Codeigniter/Projects/putra-ecommerce/vendor/codeigniter4/framework/system/CodeIgniter.php(412): CodeIgniter\CodeIgniter->runController(Object(App\Controllers\Frontend\ProfileController))
#11 /home/samueladriel/Documents/Developments/Codeigniter/Projects/putra-ecommerce/vendor/codeigniter4/framework/system/CodeIgniter.php(320): CodeIgniter\CodeIgniter->handleRequest(NULL, Object(Config\Cache), false)
#12 /home/samueladriel/Documents/Developments/Codeigniter/Projects/putra-ecommerce/public/index.php(37): CodeIgniter\CodeIgniter->run()
#13 /home/samueladriel/Documents/Developments/Codeigniter/Projects/putra-ecommerce/vendor/codeigniter4/framework/system/Commands/Server/rewrite.php(43): require_once('/home/samueladr...')
#14 {main}
CRITICAL - 2022-01-07 07:02:48 --> Undefined array key 1
#0 /home/samueladriel/Documents/Developments/Codeigniter/Projects/putra-ecommerce/app/Views/frontend/common/modal-profile.php(466): CodeIgniter\Debug\Exceptions->errorHandler(2, 'Undefined array...', '/home/samueladr...', 466)
#1 /home/samueladriel/Documents/Developments/Codeigniter/Projects/putra-ecommerce/vendor/codeigniter4/framework/system/View/View.php(210): include('/home/samueladr...')
#2 /home/samueladriel/Documents/Developments/Codeigniter/Projects/putra-ecommerce/vendor/codeigniter4/framework/system/View/View.php(213): CodeIgniter\View\View->CodeIgniter\View\{closure}()
#3 /home/samueladriel/Documents/Developments/Codeigniter/Projects/putra-ecommerce/vendor/codeigniter4/framework/system/View/View.php(424): CodeIgniter\View\View->render('frontend/common...', NULL, true)
#4 /home/samueladriel/Documents/Developments/Codeigniter/Projects/putra-ecommerce/app/Views/frontend/pages/profile.php(218): CodeIgniter\View\View->include('frontend/common...')
#5 /home/samueladriel/Documents/Developments/Codeigniter/Projects/putra-ecommerce/vendor/codeigniter4/framework/system/View/View.php(210): include('/home/samueladr...')
#6 /home/samueladriel/Documents/Developments/Codeigniter/Projects/putra-ecommerce/vendor/codeigniter4/framework/system/View/View.php(213): CodeIgniter\View\View->CodeIgniter\View\{closure}()
#7 /home/samueladriel/Documents/Developments/Codeigniter/Projects/putra-ecommerce/vendor/codeigniter4/framework/system/Common.php(1089): CodeIgniter\View\View->render('frontend/pages/...', Array, true)
#8 /home/samueladriel/Documents/Developments/Codeigniter/Projects/putra-ecommerce/app/Controllers/Frontend/ProfileController.php(34): view('frontend/pages/...', Array)
#9 /home/samueladriel/Documents/Developments/Codeigniter/Projects/putra-ecommerce/vendor/codeigniter4/framework/system/CodeIgniter.php(825): App\Controllers\Frontend\ProfileController->index()
#10 /home/samueladriel/Documents/Developments/Codeigniter/Projects/putra-ecommerce/vendor/codeigniter4/framework/system/CodeIgniter.php(412): CodeIgniter\CodeIgniter->runController(Object(App\Controllers\Frontend\ProfileController))
#11 /home/samueladriel/Documents/Developments/Codeigniter/Projects/putra-ecommerce/vendor/codeigniter4/framework/system/CodeIgniter.php(320): CodeIgniter\CodeIgniter->handleRequest(NULL, Object(Config\Cache), false)
#12 /home/samueladriel/Documents/Developments/Codeigniter/Projects/putra-ecommerce/public/index.php(37): CodeIgniter\CodeIgniter->run()
#13 /home/samueladriel/Documents/Developments/Codeigniter/Projects/putra-ecommerce/vendor/codeigniter4/framework/system/Commands/Server/rewrite.php(43): require_once('/home/samueladr...')
#14 {main}
CRITICAL - 2022-01-07 07:02:48 --> Undefined array key 1
#0 /home/samueladriel/Documents/Developments/Codeigniter/Projects/putra-ecommerce/app/Views/frontend/common/modal-profile.php(466): CodeIgniter\Debug\Exceptions->errorHandler(2, 'Undefined array...', '/home/samueladr...', 466)
#1 /home/samueladriel/Documents/Developments/Codeigniter/Projects/putra-ecommerce/vendor/codeigniter4/framework/system/View/View.php(210): include('/home/samueladr...')
#2 /home/samueladriel/Documents/Developments/Codeigniter/Projects/putra-ecommerce/vendor/codeigniter4/framework/system/View/View.php(213): CodeIgniter\View\View->CodeIgniter\View\{closure}()
#3 /home/samueladriel/Documents/Developments/Codeigniter/Projects/putra-ecommerce/vendor/codeigniter4/framework/system/View/View.php(424): CodeIgniter\View\View->render('frontend/common...', NULL, true)
#4 /home/samueladriel/Documents/Developments/Codeigniter/Projects/putra-ecommerce/app/Views/frontend/pages/profile.php(218): CodeIgniter\View\View->include('frontend/common...')
#5 /home/samueladriel/Documents/Developments/Codeigniter/Projects/putra-ecommerce/vendor/codeigniter4/framework/system/View/View.php(210): include('/home/samueladr...')
#6 /home/samueladriel/Documents/Developments/Codeigniter/Projects/putra-ecommerce/vendor/codeigniter4/framework/system/View/View.php(213): CodeIgniter\View\View->CodeIgniter\View\{closure}()
#7 /home/samueladriel/Documents/Developments/Codeigniter/Projects/putra-ecommerce/vendor/codeigniter4/framework/system/Common.php(1089): CodeIgniter\View\View->render('frontend/pages/...', Array, true)
#8 /home/samueladriel/Documents/Developments/Codeigniter/Projects/putra-ecommerce/app/Controllers/Frontend/ProfileController.php(34): view('frontend/pages/...', Array)
#9 /home/samueladriel/Documents/Developments/Codeigniter/Projects/putra-ecommerce/vendor/codeigniter4/framework/system/CodeIgniter.php(825): App\Controllers\Frontend\ProfileController->index()
#10 /home/samueladriel/Documents/Developments/Codeigniter/Projects/putra-ecommerce/vendor/codeigniter4/framework/system/CodeIgniter.php(412): CodeIgniter\CodeIgniter->runController(Object(App\Controllers\Frontend\ProfileController))
#11 /home/samueladriel/Documents/Developments/Codeigniter/Projects/putra-ecommerce/vendor/codeigniter4/framework/system/CodeIgniter.php(320): CodeIgniter\CodeIgniter->handleRequest(NULL, Object(Config\Cache), false)
#12 /home/samueladriel/Documents/Developments/Codeigniter/Projects/putra-ecommerce/public/index.php(37): CodeIgniter\CodeIgniter->run()
#13 /home/samueladriel/Documents/Developments/Codeigniter/Projects/putra-ecommerce/vendor/codeigniter4/framework/system/Commands/Server/rewrite.php(43): require_once('/home/samueladr...')
#14 {main}
CRITICAL - 2022-01-07 07:02:49 --> Undefined array key 1
#0 /home/samueladriel/Documents/Developments/Codeigniter/Projects/putra-ecommerce/app/Views/frontend/common/modal-profile.php(466): CodeIgniter\Debug\Exceptions->errorHandler(2, 'Undefined array...', '/home/samueladr...', 466)
#1 /home/samueladriel/Documents/Developments/Codeigniter/Projects/putra-ecommerce/vendor/codeigniter4/framework/system/View/View.php(210): include('/home/samueladr...')
#2 /home/samueladriel/Documents/Developments/Codeigniter/Projects/putra-ecommerce/vendor/codeigniter4/framework/system/View/View.php(213): CodeIgniter\View\View->CodeIgniter\View\{closure}()
#3 /home/samueladriel/Documents/Developments/Codeigniter/Projects/putra-ecommerce/vendor/codeigniter4/framework/system/View/View.php(424): CodeIgniter\View\View->render('frontend/common...', NULL, true)
#4 /home/samueladriel/Documents/Developments/Codeigniter/Projects/putra-ecommerce/app/Views/frontend/pages/profile.php(218): CodeIgniter\View\View->include('frontend/common...')
#5 /home/samueladriel/Documents/Developments/Codeigniter/Projects/putra-ecommerce/vendor/codeigniter4/framework/system/View/View.php(210): include('/home/samueladr...')
#6 /home/samueladriel/Documents/Developments/Codeigniter/Projects/putra-ecommerce/vendor/codeigniter4/framework/system/View/View.php(213): CodeIgniter\View\View->CodeIgniter\View\{closure}()
#7 /home/samueladriel/Documents/Developments/Codeigniter/Projects/putra-ecommerce/vendor/codeigniter4/framework/system/Common.php(1089): CodeIgniter\View\View->render('frontend/pages/...', Array, true)
#8 /home/samueladriel/Documents/Developments/Codeigniter/Projects/putra-ecommerce/app/Controllers/Frontend/ProfileController.php(34): view('frontend/pages/...', Array)
#9 /home/samueladriel/Documents/Developments/Codeigniter/Projects/putra-ecommerce/vendor/codeigniter4/framework/system/CodeIgniter.php(825): App\Controllers\Frontend\ProfileController->index()
#10 /home/samueladriel/Documents/Developments/Codeigniter/Projects/putra-ecommerce/vendor/codeigniter4/framework/system/CodeIgniter.php(412): CodeIgniter\CodeIgniter->runController(Object(App\Controllers\Frontend\ProfileController))
#11 /home/samueladriel/Documents/Developments/Codeigniter/Projects/putra-ecommerce/vendor/codeigniter4/framework/system/CodeIgniter.php(320): CodeIgniter\CodeIgniter->handleRequest(NULL, Object(Config\Cache), false)
#12 /home/samueladriel/Documents/Developments/Codeigniter/Projects/putra-ecommerce/public/index.php(37): CodeIgniter\CodeIgniter->run()
#13 /home/samueladriel/Documents/Developments/Codeigniter/Projects/putra-ecommerce/vendor/codeigniter4/framework/system/Commands/Server/rewrite.php(43): require_once('/home/samueladr...')
#14 {main}
CRITICAL - 2022-01-07 07:02:49 --> Undefined array key 1
#0 /home/samueladriel/Documents/Developments/Codeigniter/Projects/putra-ecommerce/app/Views/frontend/common/modal-profile.php(466): CodeIgniter\Debug\Exceptions->errorHandler(2, 'Undefined array...', '/home/samueladr...', 466)
#1 /home/samueladriel/Documents/Developments/Codeigniter/Projects/putra-ecommerce/vendor/codeigniter4/framework/system/View/View.php(210): include('/home/samueladr...')
#2 /home/samueladriel/Documents/Developments/Codeigniter/Projects/putra-ecommerce/vendor/codeigniter4/framework/system/View/View.php(213): CodeIgniter\View\View->CodeIgniter\View\{closure}()
#3 /home/samueladriel/Documents/Developments/Codeigniter/Projects/putra-ecommerce/vendor/codeigniter4/framework/system/View/View.php(424): CodeIgniter\View\View->render('frontend/common...', NULL, true)
#4 /home/samueladriel/Documents/Developments/Codeigniter/Projects/putra-ecommerce/app/Views/frontend/pages/profile.php(218): CodeIgniter\View\View->include('frontend/common...')
#5 /home/samueladriel/Documents/Developments/Codeigniter/Projects/putra-ecommerce/vendor/codeigniter4/framework/system/View/View.php(210): include('/home/samueladr...')
#6 /home/samueladriel/Documents/Developments/Codeigniter/Projects/putra-ecommerce/vendor/codeigniter4/framework/system/View/View.php(213): CodeIgniter\View\View->CodeIgniter\View\{closure}()
#7 /home/samueladriel/Documents/Developments/Codeigniter/Projects/putra-ecommerce/vendor/codeigniter4/framework/system/Common.php(1089): CodeIgniter\View\View->render('frontend/pages/...', Array, true)
#8 /home/samueladriel/Documents/Developments/Codeigniter/Projects/putra-ecommerce/app/Controllers/Frontend/ProfileController.php(34): view('frontend/pages/...', Array)
#9 /home/samueladriel/Documents/Developments/Codeigniter/Projects/putra-ecommerce/vendor/codeigniter4/framework/system/CodeIgniter.php(825): App\Controllers\Frontend\ProfileController->index()
#10 /home/samueladriel/Documents/Developments/Codeigniter/Projects/putra-ecommerce/vendor/codeigniter4/framework/system/CodeIgniter.php(412): CodeIgniter\CodeIgniter->runController(Object(App\Controllers\Frontend\ProfileController))
#11 /home/samueladriel/Documents/Developments/Codeigniter/Projects/putra-ecommerce/vendor/codeigniter4/framework/system/CodeIgniter.php(320): CodeIgniter\CodeIgniter->handleRequest(NULL, Object(Config\Cache), false)
#12 /home/samueladriel/Documents/Developments/Codeigniter/Projects/putra-ecommerce/public/index.php(37): CodeIgniter\CodeIgniter->run()
#13 /home/samueladriel/Documents/Developments/Codeigniter/Projects/putra-ecommerce/vendor/codeigniter4/framework/system/Commands/Server/rewrite.php(43): require_once('/home/samueladr...')
#14 {main}
CRITICAL - 2022-01-07 07:02:53 --> Undefined array key 1
#0 /home/samueladriel/Documents/Developments/Codeigniter/Projects/putra-ecommerce/app/Views/frontend/common/modal-profile.php(466): CodeIgniter\Debug\Exceptions->errorHandler(2, 'Undefined array...', '/home/samueladr...', 466)
#1 /home/samueladriel/Documents/Developments/Codeigniter/Projects/putra-ecommerce/vendor/codeigniter4/framework/system/View/View.php(210): include('/home/samueladr...')
#2 /home/samueladriel/Documents/Developments/Codeigniter/Projects/putra-ecommerce/vendor/codeigniter4/framework/system/View/View.php(213): CodeIgniter\View\View->CodeIgniter\View\{closure}()
#3 /home/samueladriel/Documents/Developments/Codeigniter/Projects/putra-ecommerce/vendor/codeigniter4/framework/system/View/View.php(424): CodeIgniter\View\View->render('frontend/common...', NULL, true)
#4 /home/samueladriel/Documents/Developments/Codeigniter/Projects/putra-ecommerce/app/Views/frontend/pages/profile.php(218): CodeIgniter\View\View->include('frontend/common...')
#5 /home/samueladriel/Documents/Developments/Codeigniter/Projects/putra-ecommerce/vendor/codeigniter4/framework/system/View/View.php(210): include('/home/samueladr...')
#6 /home/samueladriel/Documents/Developments/Codeigniter/Projects/putra-ecommerce/vendor/codeigniter4/framework/system/View/View.php(213): CodeIgniter\View\View->CodeIgniter\View\{closure}()
#7 /home/samueladriel/Documents/Developments/Codeigniter/Projects/putra-ecommerce/vendor/codeigniter4/framework/system/Common.php(1089): CodeIgniter\View\View->render('frontend/pages/...', Array, true)
#8 /home/samueladriel/Documents/Developments/Codeigniter/Projects/putra-ecommerce/app/Controllers/Frontend/ProfileController.php(34): view('frontend/pages/...', Array)
#9 /home/samueladriel/Documents/Developments/Codeigniter/Projects/putra-ecommerce/vendor/codeigniter4/framework/system/CodeIgniter.php(825): App\Controllers\Frontend\ProfileController->index()
#10 /home/samueladriel/Documents/Developments/Codeigniter/Projects/putra-ecommerce/vendor/codeigniter4/framework/system/CodeIgniter.php(412): CodeIgniter\CodeIgniter->runController(Object(App\Controllers\Frontend\ProfileController))
#11 /home/samueladriel/Documents/Developments/Codeigniter/Projects/putra-ecommerce/vendor/codeigniter4/framework/system/CodeIgniter.php(320): CodeIgniter\CodeIgniter->handleRequest(NULL, Object(Config\Cache), false)
#12 /home/samueladriel/Documents/Developments/Codeigniter/Projects/putra-ecommerce/public/index.php(37): CodeIgniter\CodeIgniter->run()
#13 /home/samueladriel/Documents/Developments/Codeigniter/Projects/putra-ecommerce/vendor/codeigniter4/framework/system/Commands/Server/rewrite.php(43): require_once('/home/samueladr...')
#14 {main}
CRITICAL - 2022-01-07 07:02:54 --> Undefined array key 1
#0 /home/samueladriel/Documents/Developments/Codeigniter/Projects/putra-ecommerce/app/Views/frontend/common/modal-profile.php(466): CodeIgniter\Debug\Exceptions->errorHandler(2, 'Undefined array...', '/home/samueladr...', 466)
#1 /home/samueladriel/Documents/Developments/Codeigniter/Projects/putra-ecommerce/vendor/codeigniter4/framework/system/View/View.php(210): include('/home/samueladr...')
#2 /home/samueladriel/Documents/Developments/Codeigniter/Projects/putra-ecommerce/vendor/codeigniter4/framework/system/View/View.php(213): CodeIgniter\View\View->CodeIgniter\View\{closure}()
#3 /home/samueladriel/Documents/Developments/Codeigniter/Projects/putra-ecommerce/vendor/codeigniter4/framework/system/View/View.php(424): CodeIgniter\View\View->render('frontend/common...', NULL, true)
#4 /home/samueladriel/Documents/Developments/Codeigniter/Projects/putra-ecommerce/app/Views/frontend/pages/profile.php(218): CodeIgniter\View\View->include('frontend/common...')
#5 /home/samueladriel/Documents/Developments/Codeigniter/Projects/putra-ecommerce/vendor/codeigniter4/framework/system/View/View.php(210): include('/home/samueladr...')
#6 /home/samueladriel/Documents/Developments/Codeigniter/Projects/putra-ecommerce/vendor/codeigniter4/framework/system/View/View.php(213): CodeIgniter\View\View->CodeIgniter\View\{closure}()
#7 /home/samueladriel/Documents/Developments/Codeigniter/Projects/putra-ecommerce/vendor/codeigniter4/framework/system/Common.php(1089): CodeIgniter\View\View->render('frontend/pages/...', Array, true)
#8 /home/samueladriel/Documents/Developments/Codeigniter/Projects/putra-ecommerce/app/Controllers/Frontend/ProfileController.php(34): view('frontend/pages/...', Array)
#9 /home/samueladriel/Documents/Developments/Codeigniter/Projects/putra-ecommerce/vendor/codeigniter4/framework/system/CodeIgniter.php(825): App\Controllers\Frontend\ProfileController->index()
#10 /home/samueladriel/Documents/Developments/Codeigniter/Projects/putra-ecommerce/vendor/codeigniter4/framework/system/CodeIgniter.php(412): CodeIgniter\CodeIgniter->runController(Object(App\Controllers\Frontend\ProfileController))
#11 /home/samueladriel/Documents/Developments/Codeigniter/Projects/putra-ecommerce/vendor/codeigniter4/framework/system/CodeIgniter.php(320): CodeIgniter\CodeIgniter->handleRequest(NULL, Object(Config\Cache), false)
#12 /home/samueladriel/Documents/Developments/Codeigniter/Projects/putra-ecommerce/public/index.php(37): CodeIgniter\CodeIgniter->run()
#13 /home/samueladriel/Documents/Developments/Codeigniter/Projects/putra-ecommerce/vendor/codeigniter4/framework/system/Commands/Server/rewrite.php(43): require_once('/home/samueladr...')
#14 {main}
