CRITICAL - 2021-12-30 18:08:24 --> strtolower(): Passing null to parameter #1 ($string) of type string is deprecated
#0 [internal function]: CodeIgniter\Debug\Exceptions->errorHandler(8192, 'strtolower(): P...', '/home/samueladr...', 253)
#1 /home/samueladriel/Documents/Developments/Codeigniter/Projects/putra-ecommerce/vendor/codeigniter4/framework/system/Validation/FormatRules.php(253): strtolower(NULL)
#2 /home/samueladriel/Documents/Developments/Codeigniter/Projects/putra-ecommerce/vendor/codeigniter4/framework/system/HTTP/RequestTrait.php(151): CodeIgniter\Validation\FormatRules->valid_ip('127.0.0.1')
#3 /home/samueladriel/Documents/Developments/Codeigniter/Projects/putra-ecommerce/vendor/codeigniter4/framework/system/Config/Services.php(570): CodeIgniter\HTTP\Request->getIPAddress()
#4 /home/samueladriel/Documents/Developments/Codeigniter/Projects/putra-ecommerce/vendor/codeigniter4/framework/system/Config/BaseService.php(248): CodeIgniter\Config\Services::session(Object(Config\App), false)
#5 /home/samueladriel/Documents/Developments/Codeigniter/Projects/putra-ecommerce/vendor/codeigniter4/framework/system/Config/BaseService.php(189): CodeIgniter\Config\BaseService::__callStatic('session', Array)
#6 /home/samueladriel/Documents/Developments/Codeigniter/Projects/putra-ecommerce/vendor/codeigniter4/framework/system/Config/Services.php(563): CodeIgniter\Config\BaseService::getSharedInstance('session', NULL)
#7 /home/samueladriel/Documents/Developments/Codeigniter/Projects/putra-ecommerce/vendor/codeigniter4/framework/system/Config/BaseService.php(248): CodeIgniter\Config\Services::session()
#8 /home/samueladriel/Documents/Developments/Codeigniter/Projects/putra-ecommerce/vendor/codeigniter4/framework/system/Common.php(909): CodeIgniter\Config\BaseService::__callStatic('session', Array)
#9 /home/samueladriel/Documents/Developments/Codeigniter/Projects/putra-ecommerce/app/Controllers/BaseController.php(57): session()
#10 /home/samueladriel/Documents/Developments/Codeigniter/Projects/putra-ecommerce/vendor/codeigniter4/framework/system/CodeIgniter.php(802): App\Controllers\BaseController->initController(Object(CodeIgniter\HTTP\IncomingRequest), Object(CodeIgniter\HTTP\Response), Object(CodeIgniter\Log\Logger))
#11 /home/samueladriel/Documents/Developments/Codeigniter/Projects/putra-ecommerce/vendor/codeigniter4/framework/system/CodeIgniter.php(401): CodeIgniter\CodeIgniter->createController()
#12 /home/samueladriel/Documents/Developments/Codeigniter/Projects/putra-ecommerce/vendor/codeigniter4/framework/system/CodeIgniter.php(318): CodeIgniter\CodeIgniter->handleRequest(NULL, Object(Config\Cache), false)
#13 /home/samueladriel/Documents/Developments/Codeigniter/Projects/putra-ecommerce/public/index.php(37): CodeIgniter\CodeIgniter->run()
#14 /home/samueladriel/Documents/Developments/Codeigniter/Projects/putra-ecommerce/vendor/codeigniter4/framework/system/Commands/Server/rewrite.php(43): require_once('/home/samueladr...')
#15 {main}
ERROR - 2021-12-30 20:07:10 --> Error connecting to the database: No such file or directory
CRITICAL - 2021-12-30 20:07:10 --> Unable to connect to the database.
Main connection [MySQLi]: No such file or directory
#0 /home/samueladriel/Documents/Developments/Codeigniter/Projects/putra-ecommerce/vendor/codeigniter4/framework/system/Database/BaseConnection.php(577): CodeIgniter\Database\BaseConnection->initialize()
#1 /home/samueladriel/Documents/Developments/Codeigniter/Projects/putra-ecommerce/vendor/codeigniter4/framework/system/Database/BaseBuilder.php(1443): CodeIgniter\Database\BaseConnection->query('SELECT `categor...', Array, false)
#2 /home/samueladriel/Documents/Developments/Codeigniter/Projects/putra-ecommerce/vendor/codeigniter4/framework/system/Model.php(723): CodeIgniter\Database\BaseBuilder->get()
#3 /home/samueladriel/Documents/Developments/Codeigniter/Projects/putra-ecommerce/app/Models/CategoriesModel.php(17): CodeIgniter\Model->__call('get', Array)
#4 /home/samueladriel/Documents/Developments/Codeigniter/Projects/putra-ecommerce/app/Controllers/Frontend/HomeController.php(20): App\Models\CategoriesModel->getCategories()
#5 /home/samueladriel/Documents/Developments/Codeigniter/Projects/putra-ecommerce/vendor/codeigniter4/framework/system/CodeIgniter.php(824): App\Controllers\Frontend\HomeController->index()
#6 /home/samueladriel/Documents/Developments/Codeigniter/Projects/putra-ecommerce/vendor/codeigniter4/framework/system/CodeIgniter.php(410): CodeIgniter\CodeIgniter->runController(Object(App\Controllers\Frontend\HomeController))
#7 /home/samueladriel/Documents/Developments/Codeigniter/Projects/putra-ecommerce/vendor/codeigniter4/framework/system/CodeIgniter.php(318): CodeIgniter\CodeIgniter->handleRequest(NULL, Object(Config\Cache), false)
#8 /home/samueladriel/Documents/Developments/Codeigniter/Projects/putra-ecommerce/public/index.php(37): CodeIgniter\CodeIgniter->run()
#9 /home/samueladriel/Documents/Developments/Codeigniter/Projects/putra-ecommerce/vendor/codeigniter4/framework/system/Commands/Server/rewrite.php(43): require_once('/home/samueladr...')
#10 {main}
ERROR - 2021-12-30 20:08:00 --> Error connecting to the database: Unknown database 'ci4app_putraecommerce'
CRITICAL - 2021-12-30 20:08:00 --> Unable to connect to the database.
Main connection [MySQLi]: Unknown database 'ci4app_putraecommerce'
#0 /home/samueladriel/Documents/Developments/Codeigniter/Projects/putra-ecommerce/vendor/codeigniter4/framework/system/Database/BaseConnection.php(577): CodeIgniter\Database\BaseConnection->initialize()
#1 /home/samueladriel/Documents/Developments/Codeigniter/Projects/putra-ecommerce/vendor/codeigniter4/framework/system/Database/BaseBuilder.php(1443): CodeIgniter\Database\BaseConnection->query('SELECT `categor...', Array, false)
#2 /home/samueladriel/Documents/Developments/Codeigniter/Projects/putra-ecommerce/vendor/codeigniter4/framework/system/Model.php(723): CodeIgniter\Database\BaseBuilder->get()
#3 /home/samueladriel/Documents/Developments/Codeigniter/Projects/putra-ecommerce/app/Models/CategoriesModel.php(17): CodeIgniter\Model->__call('get', Array)
#4 /home/samueladriel/Documents/Developments/Codeigniter/Projects/putra-ecommerce/app/Controllers/Frontend/HomeController.php(20): App\Models\CategoriesModel->getCategories()
#5 /home/samueladriel/Documents/Developments/Codeigniter/Projects/putra-ecommerce/vendor/codeigniter4/framework/system/CodeIgniter.php(824): App\Controllers\Frontend\HomeController->index()
#6 /home/samueladriel/Documents/Developments/Codeigniter/Projects/putra-ecommerce/vendor/codeigniter4/framework/system/CodeIgniter.php(410): CodeIgniter\CodeIgniter->runController(Object(App\Controllers\Frontend\HomeController))
#7 /home/samueladriel/Documents/Developments/Codeigniter/Projects/putra-ecommerce/vendor/codeigniter4/framework/system/CodeIgniter.php(318): CodeIgniter\CodeIgniter->handleRequest(NULL, Object(Config\Cache), false)
#8 /home/samueladriel/Documents/Developments/Codeigniter/Projects/putra-ecommerce/public/index.php(37): CodeIgniter\CodeIgniter->run()
#9 /home/samueladriel/Documents/Developments/Codeigniter/Projects/putra-ecommerce/vendor/codeigniter4/framework/system/Commands/Server/rewrite.php(43): require_once('/home/samueladr...')
#10 {main}
ERROR - 2021-12-30 20:08:30 --> Table 'ci4app_putraecommerce.categories' doesn't exist
CRITICAL - 2021-12-30 20:08:30 --> Table 'ci4app_putraecommerce.categories' doesn't exist
#0 /home/samueladriel/Documents/Developments/Codeigniter/Projects/putra-ecommerce/vendor/codeigniter4/framework/system/Database/MySQLi/Connection.php(292): mysqli->query('SELECT `categor...', 0)
#1 /home/samueladriel/Documents/Developments/Codeigniter/Projects/putra-ecommerce/vendor/codeigniter4/framework/system/Database/BaseConnection.php(670): CodeIgniter\Database\MySQLi\Connection->execute('SELECT `categor...')
#2 /home/samueladriel/Documents/Developments/Codeigniter/Projects/putra-ecommerce/vendor/codeigniter4/framework/system/Database/BaseConnection.php(598): CodeIgniter\Database\BaseConnection->simpleQuery('SELECT `categor...')
#3 /home/samueladriel/Documents/Developments/Codeigniter/Projects/putra-ecommerce/vendor/codeigniter4/framework/system/Database/BaseBuilder.php(1443): CodeIgniter\Database\BaseConnection->query('SELECT `categor...', Array, false)
#4 /home/samueladriel/Documents/Developments/Codeigniter/Projects/putra-ecommerce/vendor/codeigniter4/framework/system/Model.php(723): CodeIgniter\Database\BaseBuilder->get()
#5 /home/samueladriel/Documents/Developments/Codeigniter/Projects/putra-ecommerce/app/Models/CategoriesModel.php(17): CodeIgniter\Model->__call('get', Array)
#6 /home/samueladriel/Documents/Developments/Codeigniter/Projects/putra-ecommerce/app/Controllers/Frontend/HomeController.php(20): App\Models\CategoriesModel->getCategories()
#7 /home/samueladriel/Documents/Developments/Codeigniter/Projects/putra-ecommerce/vendor/codeigniter4/framework/system/CodeIgniter.php(824): App\Controllers\Frontend\HomeController->index()
#8 /home/samueladriel/Documents/Developments/Codeigniter/Projects/putra-ecommerce/vendor/codeigniter4/framework/system/CodeIgniter.php(410): CodeIgniter\CodeIgniter->runController(Object(App\Controllers\Frontend\HomeController))
#9 /home/samueladriel/Documents/Developments/Codeigniter/Projects/putra-ecommerce/vendor/codeigniter4/framework/system/CodeIgniter.php(318): CodeIgniter\CodeIgniter->handleRequest(NULL, Object(Config\Cache), false)
#10 /home/samueladriel/Documents/Developments/Codeigniter/Projects/putra-ecommerce/public/index.php(37): CodeIgniter\CodeIgniter->run()
#11 /home/samueladriel/Documents/Developments/Codeigniter/Projects/putra-ecommerce/vendor/codeigniter4/framework/system/Commands/Server/rewrite.php(43): require_once('/home/samueladr...')
#12 {main}
ERROR - 2021-12-30 20:09:04 --> Can't create table `ci4app_putraecommerce`.`merchants` (errno: 150 "Foreign key constraint is incorrectly formed")
CRITICAL - 2021-12-30 21:22:45 --> Undefined variable $product
#0 /home/samueladriel/Documents/Developments/Codeigniter/Projects/putra-ecommerce/app/Views/frontend/common/modal-profile.php(405): CodeIgniter\Debug\Exceptions->errorHandler(2, 'Undefined varia...', '/home/samueladr...', 405)
#1 /home/samueladriel/Documents/Developments/Codeigniter/Projects/putra-ecommerce/vendor/codeigniter4/framework/system/View/View.php(214): include('/home/samueladr...')
#2 /home/samueladriel/Documents/Developments/Codeigniter/Projects/putra-ecommerce/vendor/codeigniter4/framework/system/View/View.php(217): CodeIgniter\View\View->CodeIgniter\View\{closure}()
#3 /home/samueladriel/Documents/Developments/Codeigniter/Projects/putra-ecommerce/vendor/codeigniter4/framework/system/View/View.php(432): CodeIgniter\View\View->render('frontend/common...', NULL, true)
#4 /home/samueladriel/Documents/Developments/Codeigniter/Projects/putra-ecommerce/app/Views/frontend/pages/profile.php(209): CodeIgniter\View\View->include('frontend/common...')
#5 /home/samueladriel/Documents/Developments/Codeigniter/Projects/putra-ecommerce/vendor/codeigniter4/framework/system/View/View.php(214): include('/home/samueladr...')
#6 /home/samueladriel/Documents/Developments/Codeigniter/Projects/putra-ecommerce/vendor/codeigniter4/framework/system/View/View.php(217): CodeIgniter\View\View->CodeIgniter\View\{closure}()
#7 /home/samueladriel/Documents/Developments/Codeigniter/Projects/putra-ecommerce/vendor/codeigniter4/framework/system/Common.php(1097): CodeIgniter\View\View->render('frontend/pages/...', Array, true)
#8 /home/samueladriel/Documents/Developments/Codeigniter/Projects/putra-ecommerce/app/Controllers/Frontend/ProfileController.php(34): view('frontend/pages/...', Array)
#9 /home/samueladriel/Documents/Developments/Codeigniter/Projects/putra-ecommerce/vendor/codeigniter4/framework/system/CodeIgniter.php(824): App\Controllers\Frontend\ProfileController->index()
#10 /home/samueladriel/Documents/Developments/Codeigniter/Projects/putra-ecommerce/vendor/codeigniter4/framework/system/CodeIgniter.php(410): CodeIgniter\CodeIgniter->runController(Object(App\Controllers\Frontend\ProfileController))
#11 /home/samueladriel/Documents/Developments/Codeigniter/Projects/putra-ecommerce/vendor/codeigniter4/framework/system/CodeIgniter.php(318): CodeIgniter\CodeIgniter->handleRequest(NULL, Object(Config\Cache), false)
#12 /home/samueladriel/Documents/Developments/Codeigniter/Projects/putra-ecommerce/public/index.php(37): CodeIgniter\CodeIgniter->run()
#13 /home/samueladriel/Documents/Developments/Codeigniter/Projects/putra-ecommerce/vendor/codeigniter4/framework/system/Commands/Server/rewrite.php(43): require_once('/home/samueladr...')
#14 {main}
CRITICAL - 2021-12-30 21:22:47 --> Undefined variable $product
#0 /home/samueladriel/Documents/Developments/Codeigniter/Projects/putra-ecommerce/app/Views/frontend/common/modal-profile.php(405): CodeIgniter\Debug\Exceptions->errorHandler(2, 'Undefined varia...', '/home/samueladr...', 405)
#1 /home/samueladriel/Documents/Developments/Codeigniter/Projects/putra-ecommerce/vendor/codeigniter4/framework/system/View/View.php(214): include('/home/samueladr...')
#2 /home/samueladriel/Documents/Developments/Codeigniter/Projects/putra-ecommerce/vendor/codeigniter4/framework/system/View/View.php(217): CodeIgniter\View\View->CodeIgniter\View\{closure}()
#3 /home/samueladriel/Documents/Developments/Codeigniter/Projects/putra-ecommerce/vendor/codeigniter4/framework/system/View/View.php(432): CodeIgniter\View\View->render('frontend/common...', NULL, true)
#4 /home/samueladriel/Documents/Developments/Codeigniter/Projects/putra-ecommerce/app/Views/frontend/pages/profile.php(209): CodeIgniter\View\View->include('frontend/common...')
#5 /home/samueladriel/Documents/Developments/Codeigniter/Projects/putra-ecommerce/vendor/codeigniter4/framework/system/View/View.php(214): include('/home/samueladr...')
#6 /home/samueladriel/Documents/Developments/Codeigniter/Projects/putra-ecommerce/vendor/codeigniter4/framework/system/View/View.php(217): CodeIgniter\View\View->CodeIgniter\View\{closure}()
#7 /home/samueladriel/Documents/Developments/Codeigniter/Projects/putra-ecommerce/vendor/codeigniter4/framework/system/Common.php(1097): CodeIgniter\View\View->render('frontend/pages/...', Array, true)
#8 /home/samueladriel/Documents/Developments/Codeigniter/Projects/putra-ecommerce/app/Controllers/Frontend/ProfileController.php(34): view('frontend/pages/...', Array)
#9 /home/samueladriel/Documents/Developments/Codeigniter/Projects/putra-ecommerce/vendor/codeigniter4/framework/system/CodeIgniter.php(824): App\Controllers\Frontend\ProfileController->index()
#10 /home/samueladriel/Documents/Developments/Codeigniter/Projects/putra-ecommerce/vendor/codeigniter4/framework/system/CodeIgniter.php(410): CodeIgniter\CodeIgniter->runController(Object(App\Controllers\Frontend\ProfileController))
#11 /home/samueladriel/Documents/Developments/Codeigniter/Projects/putra-ecommerce/vendor/codeigniter4/framework/system/CodeIgniter.php(318): CodeIgniter\CodeIgniter->handleRequest(NULL, Object(Config\Cache), false)
#12 /home/samueladriel/Documents/Developments/Codeigniter/Projects/putra-ecommerce/public/index.php(37): CodeIgniter\CodeIgniter->run()
#13 /home/samueladriel/Documents/Developments/Codeigniter/Projects/putra-ecommerce/vendor/codeigniter4/framework/system/Commands/Server/rewrite.php(43): require_once('/home/samueladr...')
#14 {main}
CRITICAL - 2021-12-30 21:22:49 --> Undefined variable $product
#0 /home/samueladriel/Documents/Developments/Codeigniter/Projects/putra-ecommerce/app/Views/frontend/common/modal-profile.php(405): CodeIgniter\Debug\Exceptions->errorHandler(2, 'Undefined varia...', '/home/samueladr...', 405)
#1 /home/samueladriel/Documents/Developments/Codeigniter/Projects/putra-ecommerce/vendor/codeigniter4/framework/system/View/View.php(214): include('/home/samueladr...')
#2 /home/samueladriel/Documents/Developments/Codeigniter/Projects/putra-ecommerce/vendor/codeigniter4/framework/system/View/View.php(217): CodeIgniter\View\View->CodeIgniter\View\{closure}()
#3 /home/samueladriel/Documents/Developments/Codeigniter/Projects/putra-ecommerce/vendor/codeigniter4/framework/system/View/View.php(432): CodeIgniter\View\View->render('frontend/common...', NULL, true)
#4 /home/samueladriel/Documents/Developments/Codeigniter/Projects/putra-ecommerce/app/Views/frontend/pages/profile.php(209): CodeIgniter\View\View->include('frontend/common...')
#5 /home/samueladriel/Documents/Developments/Codeigniter/Projects/putra-ecommerce/vendor/codeigniter4/framework/system/View/View.php(214): include('/home/samueladr...')
#6 /home/samueladriel/Documents/Developments/Codeigniter/Projects/putra-ecommerce/vendor/codeigniter4/framework/system/View/View.php(217): CodeIgniter\View\View->CodeIgniter\View\{closure}()
#7 /home/samueladriel/Documents/Developments/Codeigniter/Projects/putra-ecommerce/vendor/codeigniter4/framework/system/Common.php(1097): CodeIgniter\View\View->render('frontend/pages/...', Array, true)
#8 /home/samueladriel/Documents/Developments/Codeigniter/Projects/putra-ecommerce/app/Controllers/Frontend/ProfileController.php(34): view('frontend/pages/...', Array)
#9 /home/samueladriel/Documents/Developments/Codeigniter/Projects/putra-ecommerce/vendor/codeigniter4/framework/system/CodeIgniter.php(824): App\Controllers\Frontend\ProfileController->index()
#10 /home/samueladriel/Documents/Developments/Codeigniter/Projects/putra-ecommerce/vendor/codeigniter4/framework/system/CodeIgniter.php(410): CodeIgniter\CodeIgniter->runController(Object(App\Controllers\Frontend\ProfileController))
#11 /home/samueladriel/Documents/Developments/Codeigniter/Projects/putra-ecommerce/vendor/codeigniter4/framework/system/CodeIgniter.php(318): CodeIgniter\CodeIgniter->handleRequest(NULL, Object(Config\Cache), false)
#12 /home/samueladriel/Documents/Developments/Codeigniter/Projects/putra-ecommerce/public/index.php(37): CodeIgniter\CodeIgniter->run()
#13 /home/samueladriel/Documents/Developments/Codeigniter/Projects/putra-ecommerce/vendor/codeigniter4/framework/system/Commands/Server/rewrite.php(43): require_once('/home/samueladr...')
#14 {main}
CRITICAL - 2021-12-30 21:22:49 --> Undefined variable $product
#0 /home/samueladriel/Documents/Developments/Codeigniter/Projects/putra-ecommerce/app/Views/frontend/common/modal-profile.php(405): CodeIgniter\Debug\Exceptions->errorHandler(2, 'Undefined varia...', '/home/samueladr...', 405)
#1 /home/samueladriel/Documents/Developments/Codeigniter/Projects/putra-ecommerce/vendor/codeigniter4/framework/system/View/View.php(214): include('/home/samueladr...')
#2 /home/samueladriel/Documents/Developments/Codeigniter/Projects/putra-ecommerce/vendor/codeigniter4/framework/system/View/View.php(217): CodeIgniter\View\View->CodeIgniter\View\{closure}()
#3 /home/samueladriel/Documents/Developments/Codeigniter/Projects/putra-ecommerce/vendor/codeigniter4/framework/system/View/View.php(432): CodeIgniter\View\View->render('frontend/common...', NULL, true)
#4 /home/samueladriel/Documents/Developments/Codeigniter/Projects/putra-ecommerce/app/Views/frontend/pages/profile.php(209): CodeIgniter\View\View->include('frontend/common...')
#5 /home/samueladriel/Documents/Developments/Codeigniter/Projects/putra-ecommerce/vendor/codeigniter4/framework/system/View/View.php(214): include('/home/samueladr...')
#6 /home/samueladriel/Documents/Developments/Codeigniter/Projects/putra-ecommerce/vendor/codeigniter4/framework/system/View/View.php(217): CodeIgniter\View\View->CodeIgniter\View\{closure}()
#7 /home/samueladriel/Documents/Developments/Codeigniter/Projects/putra-ecommerce/vendor/codeigniter4/framework/system/Common.php(1097): CodeIgniter\View\View->render('frontend/pages/...', Array, true)
#8 /home/samueladriel/Documents/Developments/Codeigniter/Projects/putra-ecommerce/app/Controllers/Frontend/ProfileController.php(34): view('frontend/pages/...', Array)
#9 /home/samueladriel/Documents/Developments/Codeigniter/Projects/putra-ecommerce/vendor/codeigniter4/framework/system/CodeIgniter.php(824): App\Controllers\Frontend\ProfileController->index()
#10 /home/samueladriel/Documents/Developments/Codeigniter/Projects/putra-ecommerce/vendor/codeigniter4/framework/system/CodeIgniter.php(410): CodeIgniter\CodeIgniter->runController(Object(App\Controllers\Frontend\ProfileController))
#11 /home/samueladriel/Documents/Developments/Codeigniter/Projects/putra-ecommerce/vendor/codeigniter4/framework/system/CodeIgniter.php(318): CodeIgniter\CodeIgniter->handleRequest(NULL, Object(Config\Cache), false)
#12 /home/samueladriel/Documents/Developments/Codeigniter/Projects/putra-ecommerce/public/index.php(37): CodeIgniter\CodeIgniter->run()
#13 /home/samueladriel/Documents/Developments/Codeigniter/Projects/putra-ecommerce/vendor/codeigniter4/framework/system/Commands/Server/rewrite.php(43): require_once('/home/samueladr...')
#14 {main}
CRITICAL - 2021-12-30 21:22:50 --> Undefined variable $product
#0 /home/samueladriel/Documents/Developments/Codeigniter/Projects/putra-ecommerce/app/Views/frontend/common/modal-profile.php(405): CodeIgniter\Debug\Exceptions->errorHandler(2, 'Undefined varia...', '/home/samueladr...', 405)
#1 /home/samueladriel/Documents/Developments/Codeigniter/Projects/putra-ecommerce/vendor/codeigniter4/framework/system/View/View.php(214): include('/home/samueladr...')
#2 /home/samueladriel/Documents/Developments/Codeigniter/Projects/putra-ecommerce/vendor/codeigniter4/framework/system/View/View.php(217): CodeIgniter\View\View->CodeIgniter\View\{closure}()
#3 /home/samueladriel/Documents/Developments/Codeigniter/Projects/putra-ecommerce/vendor/codeigniter4/framework/system/View/View.php(432): CodeIgniter\View\View->render('frontend/common...', NULL, true)
#4 /home/samueladriel/Documents/Developments/Codeigniter/Projects/putra-ecommerce/app/Views/frontend/pages/profile.php(209): CodeIgniter\View\View->include('frontend/common...')
#5 /home/samueladriel/Documents/Developments/Codeigniter/Projects/putra-ecommerce/vendor/codeigniter4/framework/system/View/View.php(214): include('/home/samueladr...')
#6 /home/samueladriel/Documents/Developments/Codeigniter/Projects/putra-ecommerce/vendor/codeigniter4/framework/system/View/View.php(217): CodeIgniter\View\View->CodeIgniter\View\{closure}()
#7 /home/samueladriel/Documents/Developments/Codeigniter/Projects/putra-ecommerce/vendor/codeigniter4/framework/system/Common.php(1097): CodeIgniter\View\View->render('frontend/pages/...', Array, true)
#8 /home/samueladriel/Documents/Developments/Codeigniter/Projects/putra-ecommerce/app/Controllers/Frontend/ProfileController.php(34): view('frontend/pages/...', Array)
#9 /home/samueladriel/Documents/Developments/Codeigniter/Projects/putra-ecommerce/vendor/codeigniter4/framework/system/CodeIgniter.php(824): App\Controllers\Frontend\ProfileController->index()
#10 /home/samueladriel/Documents/Developments/Codeigniter/Projects/putra-ecommerce/vendor/codeigniter4/framework/system/CodeIgniter.php(410): CodeIgniter\CodeIgniter->runController(Object(App\Controllers\Frontend\ProfileController))
#11 /home/samueladriel/Documents/Developments/Codeigniter/Projects/putra-ecommerce/vendor/codeigniter4/framework/system/CodeIgniter.php(318): CodeIgniter\CodeIgniter->handleRequest(NULL, Object(Config\Cache), false)
#12 /home/samueladriel/Documents/Developments/Codeigniter/Projects/putra-ecommerce/public/index.php(37): CodeIgniter\CodeIgniter->run()
#13 /home/samueladriel/Documents/Developments/Codeigniter/Projects/putra-ecommerce/vendor/codeigniter4/framework/system/Commands/Server/rewrite.php(43): require_once('/home/samueladr...')
#14 {main}
CRITICAL - 2021-12-30 21:23:59 --> Undefined variable $product
#0 /home/samueladriel/Documents/Developments/Codeigniter/Projects/putra-ecommerce/app/Views/frontend/common/modal-profile.php(405): CodeIgniter\Debug\Exceptions->errorHandler(2, 'Undefined varia...', '/home/samueladr...', 405)
#1 /home/samueladriel/Documents/Developments/Codeigniter/Projects/putra-ecommerce/vendor/codeigniter4/framework/system/View/View.php(214): include('/home/samueladr...')
#2 /home/samueladriel/Documents/Developments/Codeigniter/Projects/putra-ecommerce/vendor/codeigniter4/framework/system/View/View.php(217): CodeIgniter\View\View->CodeIgniter\View\{closure}()
#3 /home/samueladriel/Documents/Developments/Codeigniter/Projects/putra-ecommerce/vendor/codeigniter4/framework/system/View/View.php(432): CodeIgniter\View\View->render('frontend/common...', NULL, true)
#4 /home/samueladriel/Documents/Developments/Codeigniter/Projects/putra-ecommerce/app/Views/frontend/pages/profile.php(209): CodeIgniter\View\View->include('frontend/common...')
#5 /home/samueladriel/Documents/Developments/Codeigniter/Projects/putra-ecommerce/vendor/codeigniter4/framework/system/View/View.php(214): include('/home/samueladr...')
#6 /home/samueladriel/Documents/Developments/Codeigniter/Projects/putra-ecommerce/vendor/codeigniter4/framework/system/View/View.php(217): CodeIgniter\View\View->CodeIgniter\View\{closure}()
#7 /home/samueladriel/Documents/Developments/Codeigniter/Projects/putra-ecommerce/vendor/codeigniter4/framework/system/Common.php(1097): CodeIgniter\View\View->render('frontend/pages/...', Array, true)
#8 /home/samueladriel/Documents/Developments/Codeigniter/Projects/putra-ecommerce/app/Controllers/Frontend/ProfileController.php(34): view('frontend/pages/...', Array)
#9 /home/samueladriel/Documents/Developments/Codeigniter/Projects/putra-ecommerce/vendor/codeigniter4/framework/system/CodeIgniter.php(824): App\Controllers\Frontend\ProfileController->index()
#10 /home/samueladriel/Documents/Developments/Codeigniter/Projects/putra-ecommerce/vendor/codeigniter4/framework/system/CodeIgniter.php(410): CodeIgniter\CodeIgniter->runController(Object(App\Controllers\Frontend\ProfileController))
#11 /home/samueladriel/Documents/Developments/Codeigniter/Projects/putra-ecommerce/vendor/codeigniter4/framework/system/CodeIgniter.php(318): CodeIgniter\CodeIgniter->handleRequest(NULL, Object(Config\Cache), false)
#12 /home/samueladriel/Documents/Developments/Codeigniter/Projects/putra-ecommerce/public/index.php(37): CodeIgniter\CodeIgniter->run()
#13 /home/samueladriel/Documents/Developments/Codeigniter/Projects/putra-ecommerce/vendor/codeigniter4/framework/system/Commands/Server/rewrite.php(43): require_once('/home/samueladr...')
#14 {main}
CRITICAL - 2021-12-30 21:49:45 --> Unclosed '[' does not match ')'
#0 /home/samueladriel/Documents/Developments/Codeigniter/Projects/putra-ecommerce/vendor/codeigniter4/framework/system/View/View.php(217): CodeIgniter\View\View->CodeIgniter\View\{closure}()
#1 /home/samueladriel/Documents/Developments/Codeigniter/Projects/putra-ecommerce/vendor/codeigniter4/framework/system/View/View.php(432): CodeIgniter\View\View->render('frontend/common...', NULL, true)
#2 /home/samueladriel/Documents/Developments/Codeigniter/Projects/putra-ecommerce/app/Views/frontend/pages/profile.php(209): CodeIgniter\View\View->include('frontend/common...')
#3 /home/samueladriel/Documents/Developments/Codeigniter/Projects/putra-ecommerce/vendor/codeigniter4/framework/system/View/View.php(214): include('/home/samueladr...')
#4 /home/samueladriel/Documents/Developments/Codeigniter/Projects/putra-ecommerce/vendor/codeigniter4/framework/system/View/View.php(217): CodeIgniter\View\View->CodeIgniter\View\{closure}()
#5 /home/samueladriel/Documents/Developments/Codeigniter/Projects/putra-ecommerce/vendor/codeigniter4/framework/system/Common.php(1097): CodeIgniter\View\View->render('frontend/pages/...', Array, true)
#6 /home/samueladriel/Documents/Developments/Codeigniter/Projects/putra-ecommerce/app/Controllers/Frontend/ProfileController.php(34): view('frontend/pages/...', Array)
#7 /home/samueladriel/Documents/Developments/Codeigniter/Projects/putra-ecommerce/vendor/codeigniter4/framework/system/CodeIgniter.php(824): App\Controllers\Frontend\ProfileController->index()
#8 /home/samueladriel/Documents/Developments/Codeigniter/Projects/putra-ecommerce/vendor/codeigniter4/framework/system/CodeIgniter.php(410): CodeIgniter\CodeIgniter->runController(Object(App\Controllers\Frontend\ProfileController))
#9 /home/samueladriel/Documents/Developments/Codeigniter/Projects/putra-ecommerce/vendor/codeigniter4/framework/system/CodeIgniter.php(318): CodeIgniter\CodeIgniter->handleRequest(NULL, Object(Config\Cache), false)
#10 /home/samueladriel/Documents/Developments/Codeigniter/Projects/putra-ecommerce/public/index.php(37): CodeIgniter\CodeIgniter->run()
#11 /home/samueladriel/Documents/Developments/Codeigniter/Projects/putra-ecommerce/vendor/codeigniter4/framework/system/Commands/Server/rewrite.php(43): require_once('/home/samueladr...')
#12 {main}
CRITICAL - 2021-12-30 21:49:47 --> Unclosed '[' does not match ')'
#0 /home/samueladriel/Documents/Developments/Codeigniter/Projects/putra-ecommerce/vendor/codeigniter4/framework/system/View/View.php(217): CodeIgniter\View\View->CodeIgniter\View\{closure}()
#1 /home/samueladriel/Documents/Developments/Codeigniter/Projects/putra-ecommerce/vendor/codeigniter4/framework/system/View/View.php(432): CodeIgniter\View\View->render('frontend/common...', NULL, true)
#2 /home/samueladriel/Documents/Developments/Codeigniter/Projects/putra-ecommerce/app/Views/frontend/pages/profile.php(209): CodeIgniter\View\View->include('frontend/common...')
#3 /home/samueladriel/Documents/Developments/Codeigniter/Projects/putra-ecommerce/vendor/codeigniter4/framework/system/View/View.php(214): include('/home/samueladr...')
#4 /home/samueladriel/Documents/Developments/Codeigniter/Projects/putra-ecommerce/vendor/codeigniter4/framework/system/View/View.php(217): CodeIgniter\View\View->CodeIgniter\View\{closure}()
#5 /home/samueladriel/Documents/Developments/Codeigniter/Projects/putra-ecommerce/vendor/codeigniter4/framework/system/Common.php(1097): CodeIgniter\View\View->render('frontend/pages/...', Array, true)
#6 /home/samueladriel/Documents/Developments/Codeigniter/Projects/putra-ecommerce/app/Controllers/Frontend/ProfileController.php(34): view('frontend/pages/...', Array)
#7 /home/samueladriel/Documents/Developments/Codeigniter/Projects/putra-ecommerce/vendor/codeigniter4/framework/system/CodeIgniter.php(824): App\Controllers\Frontend\ProfileController->index()
#8 /home/samueladriel/Documents/Developments/Codeigniter/Projects/putra-ecommerce/vendor/codeigniter4/framework/system/CodeIgniter.php(410): CodeIgniter\CodeIgniter->runController(Object(App\Controllers\Frontend\ProfileController))
#9 /home/samueladriel/Documents/Developments/Codeigniter/Projects/putra-ecommerce/vendor/codeigniter4/framework/system/CodeIgniter.php(318): CodeIgniter\CodeIgniter->handleRequest(NULL, Object(Config\Cache), false)
#10 /home/samueladriel/Documents/Developments/Codeigniter/Projects/putra-ecommerce/public/index.php(37): CodeIgniter\CodeIgniter->run()
#11 /home/samueladriel/Documents/Developments/Codeigniter/Projects/putra-ecommerce/vendor/codeigniter4/framework/system/Commands/Server/rewrite.php(43): require_once('/home/samueladr...')
#12 {main}
CRITICAL - 2021-12-30 22:05:58 --> Undefined array key "stok"
#0 /home/samueladriel/Documents/Developments/Codeigniter/Projects/putra-ecommerce/app/Views/frontend/common/modal-profile.php(503): CodeIgniter\Debug\Exceptions->errorHandler(2, 'Undefined array...', '/home/samueladr...', 503)
#1 /home/samueladriel/Documents/Developments/Codeigniter/Projects/putra-ecommerce/vendor/codeigniter4/framework/system/View/View.php(214): include('/home/samueladr...')
#2 /home/samueladriel/Documents/Developments/Codeigniter/Projects/putra-ecommerce/vendor/codeigniter4/framework/system/View/View.php(217): CodeIgniter\View\View->CodeIgniter\View\{closure}()
#3 /home/samueladriel/Documents/Developments/Codeigniter/Projects/putra-ecommerce/vendor/codeigniter4/framework/system/View/View.php(432): CodeIgniter\View\View->render('frontend/common...', NULL, true)
#4 /home/samueladriel/Documents/Developments/Codeigniter/Projects/putra-ecommerce/app/Views/frontend/pages/profile.php(209): CodeIgniter\View\View->include('frontend/common...')
#5 /home/samueladriel/Documents/Developments/Codeigniter/Projects/putra-ecommerce/vendor/codeigniter4/framework/system/View/View.php(214): include('/home/samueladr...')
#6 /home/samueladriel/Documents/Developments/Codeigniter/Projects/putra-ecommerce/vendor/codeigniter4/framework/system/View/View.php(217): CodeIgniter\View\View->CodeIgniter\View\{closure}()
#7 /home/samueladriel/Documents/Developments/Codeigniter/Projects/putra-ecommerce/vendor/codeigniter4/framework/system/Common.php(1097): CodeIgniter\View\View->render('frontend/pages/...', Array, true)
#8 /home/samueladriel/Documents/Developments/Codeigniter/Projects/putra-ecommerce/app/Controllers/Frontend/ProfileController.php(34): view('frontend/pages/...', Array)
#9 /home/samueladriel/Documents/Developments/Codeigniter/Projects/putra-ecommerce/vendor/codeigniter4/framework/system/CodeIgniter.php(824): App\Controllers\Frontend\ProfileController->index()
#10 /home/samueladriel/Documents/Developments/Codeigniter/Projects/putra-ecommerce/vendor/codeigniter4/framework/system/CodeIgniter.php(410): CodeIgniter\CodeIgniter->runController(Object(App\Controllers\Frontend\ProfileController))
#11 /home/samueladriel/Documents/Developments/Codeigniter/Projects/putra-ecommerce/vendor/codeigniter4/framework/system/CodeIgniter.php(318): CodeIgniter\CodeIgniter->handleRequest(NULL, Object(Config\Cache), false)
#12 /home/samueladriel/Documents/Developments/Codeigniter/Projects/putra-ecommerce/public/index.php(37): CodeIgniter\CodeIgniter->run()
#13 /home/samueladriel/Documents/Developments/Codeigniter/Projects/putra-ecommerce/vendor/codeigniter4/framework/system/Commands/Server/rewrite.php(43): require_once('/home/samueladr...')
#14 {main}
