CRITICAL - 2022-01-13 07:13:00 --> Invalid file: frontend/pages/categories/category.php
#0 /home/samueladriel/Documents/Developments/Codeigniter/Projects/putra-ecommerce/vendor/codeigniter4/framework/system/View/View.php(198): CodeIgniter\Exceptions\FrameworkException::forInvalidFile('frontend/pages/...')
#1 /home/samueladriel/Documents/Developments/Codeigniter/Projects/putra-ecommerce/vendor/codeigniter4/framework/system/Common.php(1089): CodeIgniter\View\View->render('frontend/pages/...', Array, true)
#2 /home/samueladriel/Documents/Developments/Codeigniter/Projects/putra-ecommerce/app/Controllers/Frontend/CategoriesController.php(24): view('frontend/pages/...', Array)
#3 /home/samueladriel/Documents/Developments/Codeigniter/Projects/putra-ecommerce/vendor/codeigniter4/framework/system/CodeIgniter.php(825): App\Controllers\Frontend\CategoriesController->category('aksesoris-fashi...')
#4 /home/samueladriel/Documents/Developments/Codeigniter/Projects/putra-ecommerce/vendor/codeigniter4/framework/system/CodeIgniter.php(412): CodeIgniter\CodeIgniter->runController(Object(App\Controllers\Frontend\CategoriesController))
#5 /home/samueladriel/Documents/Developments/Codeigniter/Projects/putra-ecommerce/vendor/codeigniter4/framework/system/CodeIgniter.php(320): CodeIgniter\CodeIgniter->handleRequest(NULL, Object(Config\Cache), false)
#6 /home/samueladriel/Documents/Developments/Codeigniter/Projects/putra-ecommerce/public/index.php(37): CodeIgniter\CodeIgniter->run()
#7 /home/samueladriel/Documents/Developments/Codeigniter/Projects/putra-ecommerce/vendor/codeigniter4/framework/system/Commands/Server/rewrite.php(43): require_once('/home/samueladr...')
#8 {main}
CRITICAL - 2022-01-13 07:13:01 --> Invalid file: frontend/pages/categories/category.php
#0 /home/samueladriel/Documents/Developments/Codeigniter/Projects/putra-ecommerce/vendor/codeigniter4/framework/system/View/View.php(198): CodeIgniter\Exceptions\FrameworkException::forInvalidFile('frontend/pages/...')
#1 /home/samueladriel/Documents/Developments/Codeigniter/Projects/putra-ecommerce/vendor/codeigniter4/framework/system/Common.php(1089): CodeIgniter\View\View->render('frontend/pages/...', Array, true)
#2 /home/samueladriel/Documents/Developments/Codeigniter/Projects/putra-ecommerce/app/Controllers/Frontend/CategoriesController.php(24): view('frontend/pages/...', Array)
#3 /home/samueladriel/Documents/Developments/Codeigniter/Projects/putra-ecommerce/vendor/codeigniter4/framework/system/CodeIgniter.php(825): App\Controllers\Frontend\CategoriesController->category('aksesoris-fashi...')
#4 /home/samueladriel/Documents/Developments/Codeigniter/Projects/putra-ecommerce/vendor/codeigniter4/framework/system/CodeIgniter.php(412): CodeIgniter\CodeIgniter->runController(Object(App\Controllers\Frontend\CategoriesController))
#5 /home/samueladriel/Documents/Developments/Codeigniter/Projects/putra-ecommerce/vendor/codeigniter4/framework/system/CodeIgniter.php(320): CodeIgniter\CodeIgniter->handleRequest(NULL, Object(Config\Cache), false)
#6 /home/samueladriel/Documents/Developments/Codeigniter/Projects/putra-ecommerce/public/index.php(37): CodeIgniter\CodeIgniter->run()
#7 /home/samueladriel/Documents/Developments/Codeigniter/Projects/putra-ecommerce/vendor/codeigniter4/framework/system/Commands/Server/rewrite.php(43): require_once('/home/samueladr...')
#8 {main}
CRITICAL - 2022-01-13 08:21:09 --> Undefined variable $validation
#0 /home/samueladriel/Documents/Developments/Codeigniter/Projects/putra-ecommerce/app/Views/frontend/index.php(52): CodeIgniter\Debug\Exceptions->errorHandler(2, 'Undefined varia...', '/home/samueladr...', 52)
#1 /home/samueladriel/Documents/Developments/Codeigniter/Projects/putra-ecommerce/vendor/codeigniter4/framework/system/View/View.php(210): include('/home/samueladr...')
#2 /home/samueladriel/Documents/Developments/Codeigniter/Projects/putra-ecommerce/vendor/codeigniter4/framework/system/View/View.php(213): CodeIgniter\View\View->CodeIgniter\View\{closure}()
#3 /home/samueladriel/Documents/Developments/Codeigniter/Projects/putra-ecommerce/vendor/codeigniter4/framework/system/View/View.php(226): CodeIgniter\View\View->render('frontend/index', Array, true)
#4 /home/samueladriel/Documents/Developments/Codeigniter/Projects/putra-ecommerce/vendor/codeigniter4/framework/system/Common.php(1089): CodeIgniter\View\View->render('frontend/pages/...', Array, true)
#5 /home/samueladriel/Documents/Developments/Codeigniter/Projects/putra-ecommerce/app/Controllers/Frontend/StoreController.php(35): view('frontend/pages/...', Array)
#6 /home/samueladriel/Documents/Developments/Codeigniter/Projects/putra-ecommerce/vendor/codeigniter4/framework/system/CodeIgniter.php(825): App\Controllers\Frontend\StoreController->index()
#7 /home/samueladriel/Documents/Developments/Codeigniter/Projects/putra-ecommerce/vendor/codeigniter4/framework/system/CodeIgniter.php(412): CodeIgniter\CodeIgniter->runController(Object(App\Controllers\Frontend\StoreController))
#8 /home/samueladriel/Documents/Developments/Codeigniter/Projects/putra-ecommerce/vendor/codeigniter4/framework/system/CodeIgniter.php(320): CodeIgniter\CodeIgniter->handleRequest(NULL, Object(Config\Cache), false)
#9 /home/samueladriel/Documents/Developments/Codeigniter/Projects/putra-ecommerce/public/index.php(37): CodeIgniter\CodeIgniter->run()
#10 /home/samueladriel/Documents/Developments/Codeigniter/Projects/putra-ecommerce/vendor/codeigniter4/framework/system/Commands/Server/rewrite.php(43): require_once('/home/samueladr...')
#11 {main}
CRITICAL - 2022-01-13 08:21:26 --> Undefined variable $validation
#0 /home/samueladriel/Documents/Developments/Codeigniter/Projects/putra-ecommerce/app/Views/frontend/index.php(52): CodeIgniter\Debug\Exceptions->errorHandler(2, 'Undefined varia...', '/home/samueladr...', 52)
#1 /home/samueladriel/Documents/Developments/Codeigniter/Projects/putra-ecommerce/vendor/codeigniter4/framework/system/View/View.php(210): include('/home/samueladr...')
#2 /home/samueladriel/Documents/Developments/Codeigniter/Projects/putra-ecommerce/vendor/codeigniter4/framework/system/View/View.php(213): CodeIgniter\View\View->CodeIgniter\View\{closure}()
#3 /home/samueladriel/Documents/Developments/Codeigniter/Projects/putra-ecommerce/vendor/codeigniter4/framework/system/View/View.php(226): CodeIgniter\View\View->render('frontend/index', Array, true)
#4 /home/samueladriel/Documents/Developments/Codeigniter/Projects/putra-ecommerce/vendor/codeigniter4/framework/system/Common.php(1089): CodeIgniter\View\View->render('frontend/pages/...', Array, true)
#5 /home/samueladriel/Documents/Developments/Codeigniter/Projects/putra-ecommerce/app/Controllers/Frontend/StoreController.php(35): view('frontend/pages/...', Array)
#6 /home/samueladriel/Documents/Developments/Codeigniter/Projects/putra-ecommerce/vendor/codeigniter4/framework/system/CodeIgniter.php(825): App\Controllers\Frontend\StoreController->index()
#7 /home/samueladriel/Documents/Developments/Codeigniter/Projects/putra-ecommerce/vendor/codeigniter4/framework/system/CodeIgniter.php(412): CodeIgniter\CodeIgniter->runController(Object(App\Controllers\Frontend\StoreController))
#8 /home/samueladriel/Documents/Developments/Codeigniter/Projects/putra-ecommerce/vendor/codeigniter4/framework/system/CodeIgniter.php(320): CodeIgniter\CodeIgniter->handleRequest(NULL, Object(Config\Cache), false)
#9 /home/samueladriel/Documents/Developments/Codeigniter/Projects/putra-ecommerce/public/index.php(37): CodeIgniter\CodeIgniter->run()
#10 /home/samueladriel/Documents/Developments/Codeigniter/Projects/putra-ecommerce/vendor/codeigniter4/framework/system/Commands/Server/rewrite.php(43): require_once('/home/samueladr...')
#11 {main}
CRITICAL - 2022-01-13 08:37:23 --> Undefined array key "store_addres"
#0 /home/samueladriel/Documents/Developments/Codeigniter/Projects/putra-ecommerce/app/Views/frontend/pages/storedetail.php(39): CodeIgniter\Debug\Exceptions->errorHandler(2, 'Undefined array...', '/home/samueladr...', 39)
#1 /home/samueladriel/Documents/Developments/Codeigniter/Projects/putra-ecommerce/vendor/codeigniter4/framework/system/View/View.php(210): include('/home/samueladr...')
#2 /home/samueladriel/Documents/Developments/Codeigniter/Projects/putra-ecommerce/vendor/codeigniter4/framework/system/View/View.php(213): CodeIgniter\View\View->CodeIgniter\View\{closure}()
#3 /home/samueladriel/Documents/Developments/Codeigniter/Projects/putra-ecommerce/vendor/codeigniter4/framework/system/Common.php(1089): CodeIgniter\View\View->render('frontend/pages/...', Array, true)
#4 /home/samueladriel/Documents/Developments/Codeigniter/Projects/putra-ecommerce/app/Controllers/Frontend/StoreController.php(36): view('frontend/pages/...', Array)
#5 /home/samueladriel/Documents/Developments/Codeigniter/Projects/putra-ecommerce/vendor/codeigniter4/framework/system/CodeIgniter.php(825): App\Controllers\Frontend\StoreController->index()
#6 /home/samueladriel/Documents/Developments/Codeigniter/Projects/putra-ecommerce/vendor/codeigniter4/framework/system/CodeIgniter.php(412): CodeIgniter\CodeIgniter->runController(Object(App\Controllers\Frontend\StoreController))
#7 /home/samueladriel/Documents/Developments/Codeigniter/Projects/putra-ecommerce/vendor/codeigniter4/framework/system/CodeIgniter.php(320): CodeIgniter\CodeIgniter->handleRequest(NULL, Object(Config\Cache), false)
#8 /home/samueladriel/Documents/Developments/Codeigniter/Projects/putra-ecommerce/public/index.php(37): CodeIgniter\CodeIgniter->run()
#9 /home/samueladriel/Documents/Developments/Codeigniter/Projects/putra-ecommerce/vendor/codeigniter4/framework/system/Commands/Server/rewrite.php(43): require_once('/home/samueladr...')
#10 {main}
CRITICAL - 2022-01-13 08:40:02 --> Undefined array key "status"
#0 /home/samueladriel/Documents/Developments/Codeigniter/Projects/putra-ecommerce/app/Views/frontend/pages/storedetail.php(49): CodeIgniter\Debug\Exceptions->errorHandler(2, 'Undefined array...', '/home/samueladr...', 49)
#1 /home/samueladriel/Documents/Developments/Codeigniter/Projects/putra-ecommerce/vendor/codeigniter4/framework/system/View/View.php(210): include('/home/samueladr...')
#2 /home/samueladriel/Documents/Developments/Codeigniter/Projects/putra-ecommerce/vendor/codeigniter4/framework/system/View/View.php(213): CodeIgniter\View\View->CodeIgniter\View\{closure}()
#3 /home/samueladriel/Documents/Developments/Codeigniter/Projects/putra-ecommerce/vendor/codeigniter4/framework/system/Common.php(1089): CodeIgniter\View\View->render('frontend/pages/...', Array, true)
#4 /home/samueladriel/Documents/Developments/Codeigniter/Projects/putra-ecommerce/app/Controllers/Frontend/StoreController.php(36): view('frontend/pages/...', Array)
#5 /home/samueladriel/Documents/Developments/Codeigniter/Projects/putra-ecommerce/vendor/codeigniter4/framework/system/CodeIgniter.php(825): App\Controllers\Frontend\StoreController->index()
#6 /home/samueladriel/Documents/Developments/Codeigniter/Projects/putra-ecommerce/vendor/codeigniter4/framework/system/CodeIgniter.php(412): CodeIgniter\CodeIgniter->runController(Object(App\Controllers\Frontend\StoreController))
#7 /home/samueladriel/Documents/Developments/Codeigniter/Projects/putra-ecommerce/vendor/codeigniter4/framework/system/CodeIgniter.php(320): CodeIgniter\CodeIgniter->handleRequest(NULL, Object(Config\Cache), false)
#8 /home/samueladriel/Documents/Developments/Codeigniter/Projects/putra-ecommerce/public/index.php(37): CodeIgniter\CodeIgniter->run()
#9 /home/samueladriel/Documents/Developments/Codeigniter/Projects/putra-ecommerce/vendor/codeigniter4/framework/system/Commands/Server/rewrite.php(43): require_once('/home/samueladr...')
#10 {main}
CRITICAL - 2022-01-13 09:14:58 --> Undefined variable $category
#0 /home/samueladriel/Documents/Developments/Codeigniter/Projects/putra-ecommerce/app/Views/frontend/pages/storedetail.php(59): CodeIgniter\Debug\Exceptions->errorHandler(2, 'Undefined varia...', '/home/samueladr...', 59)
#1 /home/samueladriel/Documents/Developments/Codeigniter/Projects/putra-ecommerce/vendor/codeigniter4/framework/system/View/View.php(210): include('/home/samueladr...')
#2 /home/samueladriel/Documents/Developments/Codeigniter/Projects/putra-ecommerce/vendor/codeigniter4/framework/system/View/View.php(213): CodeIgniter\View\View->CodeIgniter\View\{closure}()
#3 /home/samueladriel/Documents/Developments/Codeigniter/Projects/putra-ecommerce/vendor/codeigniter4/framework/system/Common.php(1089): CodeIgniter\View\View->render('frontend/pages/...', Array, true)
#4 /home/samueladriel/Documents/Developments/Codeigniter/Projects/putra-ecommerce/app/Controllers/Frontend/StoreController.php(36): view('frontend/pages/...', Array)
#5 /home/samueladriel/Documents/Developments/Codeigniter/Projects/putra-ecommerce/vendor/codeigniter4/framework/system/CodeIgniter.php(825): App\Controllers\Frontend\StoreController->index()
#6 /home/samueladriel/Documents/Developments/Codeigniter/Projects/putra-ecommerce/vendor/codeigniter4/framework/system/CodeIgniter.php(412): CodeIgniter\CodeIgniter->runController(Object(App\Controllers\Frontend\StoreController))
#7 /home/samueladriel/Documents/Developments/Codeigniter/Projects/putra-ecommerce/vendor/codeigniter4/framework/system/CodeIgniter.php(320): CodeIgniter\CodeIgniter->handleRequest(NULL, Object(Config\Cache), false)
#8 /home/samueladriel/Documents/Developments/Codeigniter/Projects/putra-ecommerce/public/index.php(37): CodeIgniter\CodeIgniter->run()
#9 /home/samueladriel/Documents/Developments/Codeigniter/Projects/putra-ecommerce/vendor/codeigniter4/framework/system/Commands/Server/rewrite.php(43): require_once('/home/samueladr...')
#10 {main}
