CRITICAL - 2022-01-14 05:49:30 --> syntax error, unexpected token "<"
#0 /home/samueladriel/Documents/Developments/Codeigniter/Projects/putra-ecommerce/vendor/codeigniter4/framework/system/View/View.php(213): CodeIgniter\View\View->CodeIgniter\View\{closure}()
#1 /home/samueladriel/Documents/Developments/Codeigniter/Projects/putra-ecommerce/vendor/codeigniter4/framework/system/Common.php(1089): CodeIgniter\View\View->render('frontend/pages/...', Array, true)
#2 /home/samueladriel/Documents/Developments/Codeigniter/Projects/putra-ecommerce/app/Controllers/Frontend/StoreController.php(36): view('frontend/pages/...', Array)
#3 /home/samueladriel/Documents/Developments/Codeigniter/Projects/putra-ecommerce/vendor/codeigniter4/framework/system/CodeIgniter.php(825): App\Controllers\Frontend\StoreController->index()
#4 /home/samueladriel/Documents/Developments/Codeigniter/Projects/putra-ecommerce/vendor/codeigniter4/framework/system/CodeIgniter.php(412): CodeIgniter\CodeIgniter->runController(Object(App\Controllers\Frontend\StoreController))
#5 /home/samueladriel/Documents/Developments/Codeigniter/Projects/putra-ecommerce/vendor/codeigniter4/framework/system/CodeIgniter.php(320): CodeIgniter\CodeIgniter->handleRequest(NULL, Object(Config\Cache), false)
#6 /home/samueladriel/Documents/Developments/Codeigniter/Projects/putra-ecommerce/public/index.php(37): CodeIgniter\CodeIgniter->run()
#7 /home/samueladriel/Documents/Developments/Codeigniter/Projects/putra-ecommerce/vendor/codeigniter4/framework/system/Commands/Server/rewrite.php(43): require_once('/home/samueladr...')
#8 {main}
CRITICAL - 2022-01-14 05:55:08 --> Undefined variable $initCategory
#0 /home/samueladriel/Documents/Developments/Codeigniter/Projects/putra-ecommerce/app/Views/frontend/pages/storedetail.php(62): CodeIgniter\Debug\Exceptions->errorHandler(2, 'Undefined varia...', '/home/samueladr...', 62)
#1 /home/samueladriel/Documents/Developments/Codeigniter/Projects/putra-ecommerce/vendor/codeigniter4/framework/system/View/View.php(210): include('/home/samueladr...')
#2 /home/samueladriel/Documents/Developments/Codeigniter/Projects/putra-ecommerce/vendor/codeigniter4/framework/system/View/View.php(213): CodeIgniter\View\View->CodeIgniter\View\{closure}()
#3 /home/samueladriel/Documents/Developments/Codeigniter/Projects/putra-ecommerce/vendor/codeigniter4/framework/system/Common.php(1089): CodeIgniter\View\View->render('frontend/pages/...', Array, true)
#4 /home/samueladriel/Documents/Developments/Codeigniter/Projects/putra-ecommerce/app/Controllers/Frontend/StoreController.php(36): view('frontend/pages/...', Array)
#5 /home/samueladriel/Documents/Developments/Codeigniter/Projects/putra-ecommerce/vendor/codeigniter4/framework/system/CodeIgniter.php(825): App\Controllers\Frontend\StoreController->index()
#6 /home/samueladriel/Documents/Developments/Codeigniter/Projects/putra-ecommerce/vendor/codeigniter4/framework/system/CodeIgniter.php(412): CodeIgniter\CodeIgniter->runController(Object(App\Controllers\Frontend\StoreController))
#7 /home/samueladriel/Documents/Developments/Codeigniter/Projects/putra-ecommerce/vendor/codeigniter4/framework/system/CodeIgniter.php(320): CodeIgniter\CodeIgniter->handleRequest(NULL, Object(Config\Cache), false)
#8 /home/samueladriel/Documents/Developments/Codeigniter/Projects/putra-ecommerce/public/index.php(37): CodeIgniter\CodeIgniter->run()
#9 /home/samueladriel/Documents/Developments/Codeigniter/Projects/putra-ecommerce/vendor/codeigniter4/framework/system/Commands/Server/rewrite.php(43): require_once('/home/samueladr...')
#10 {main}
CRITICAL - 2022-01-14 06:25:05 --> Undefined variable $products
#0 /home/samueladriel/Documents/Developments/Codeigniter/Projects/putra-ecommerce/app/Views/frontend/pages/storedetail.php(93): CodeIgniter\Debug\Exceptions->errorHandler(2, 'Undefined varia...', '/home/samueladr...', 93)
#1 /home/samueladriel/Documents/Developments/Codeigniter/Projects/putra-ecommerce/vendor/codeigniter4/framework/system/View/View.php(210): include('/home/samueladr...')
#2 /home/samueladriel/Documents/Developments/Codeigniter/Projects/putra-ecommerce/vendor/codeigniter4/framework/system/View/View.php(213): CodeIgniter\View\View->CodeIgniter\View\{closure}()
#3 /home/samueladriel/Documents/Developments/Codeigniter/Projects/putra-ecommerce/vendor/codeigniter4/framework/system/Common.php(1089): CodeIgniter\View\View->render('frontend/pages/...', Array, true)
#4 /home/samueladriel/Documents/Developments/Codeigniter/Projects/putra-ecommerce/app/Controllers/Frontend/StoreController.php(36): view('frontend/pages/...', Array)
#5 /home/samueladriel/Documents/Developments/Codeigniter/Projects/putra-ecommerce/vendor/codeigniter4/framework/system/CodeIgniter.php(825): App\Controllers\Frontend\StoreController->index()
#6 /home/samueladriel/Documents/Developments/Codeigniter/Projects/putra-ecommerce/vendor/codeigniter4/framework/system/CodeIgniter.php(412): CodeIgniter\CodeIgniter->runController(Object(App\Controllers\Frontend\StoreController))
#7 /home/samueladriel/Documents/Developments/Codeigniter/Projects/putra-ecommerce/vendor/codeigniter4/framework/system/CodeIgniter.php(320): CodeIgniter\CodeIgniter->handleRequest(NULL, Object(Config\Cache), false)
#8 /home/samueladriel/Documents/Developments/Codeigniter/Projects/putra-ecommerce/public/index.php(37): CodeIgniter\CodeIgniter->run()
#9 /home/samueladriel/Documents/Developments/Codeigniter/Projects/putra-ecommerce/vendor/codeigniter4/framework/system/Commands/Server/rewrite.php(43): require_once('/home/samueladr...')
#10 {main}
CRITICAL - 2022-01-14 06:25:27 --> Cannot access offset of type string on string
#0 /home/samueladriel/Documents/Developments/Codeigniter/Projects/putra-ecommerce/vendor/codeigniter4/framework/system/View/View.php(210): include()
#1 /home/samueladriel/Documents/Developments/Codeigniter/Projects/putra-ecommerce/vendor/codeigniter4/framework/system/View/View.php(213): CodeIgniter\View\View->CodeIgniter\View\{closure}()
#2 /home/samueladriel/Documents/Developments/Codeigniter/Projects/putra-ecommerce/vendor/codeigniter4/framework/system/Common.php(1089): CodeIgniter\View\View->render('frontend/pages/...', Array, true)
#3 /home/samueladriel/Documents/Developments/Codeigniter/Projects/putra-ecommerce/app/Controllers/Frontend/StoreController.php(36): view('frontend/pages/...', Array)
#4 /home/samueladriel/Documents/Developments/Codeigniter/Projects/putra-ecommerce/vendor/codeigniter4/framework/system/CodeIgniter.php(825): App\Controllers\Frontend\StoreController->index()
#5 /home/samueladriel/Documents/Developments/Codeigniter/Projects/putra-ecommerce/vendor/codeigniter4/framework/system/CodeIgniter.php(412): CodeIgniter\CodeIgniter->runController(Object(App\Controllers\Frontend\StoreController))
#6 /home/samueladriel/Documents/Developments/Codeigniter/Projects/putra-ecommerce/vendor/codeigniter4/framework/system/CodeIgniter.php(320): CodeIgniter\CodeIgniter->handleRequest(NULL, Object(Config\Cache), false)
#7 /home/samueladriel/Documents/Developments/Codeigniter/Projects/putra-ecommerce/public/index.php(37): CodeIgniter\CodeIgniter->run()
#8 /home/samueladriel/Documents/Developments/Codeigniter/Projects/putra-ecommerce/vendor/codeigniter4/framework/system/Commands/Server/rewrite.php(43): require_once('/home/samueladr...')
#9 {main}
CRITICAL - 2022-01-14 06:25:30 --> Cannot access offset of type string on string
#0 /home/samueladriel/Documents/Developments/Codeigniter/Projects/putra-ecommerce/vendor/codeigniter4/framework/system/View/View.php(210): include()
#1 /home/samueladriel/Documents/Developments/Codeigniter/Projects/putra-ecommerce/vendor/codeigniter4/framework/system/View/View.php(213): CodeIgniter\View\View->CodeIgniter\View\{closure}()
#2 /home/samueladriel/Documents/Developments/Codeigniter/Projects/putra-ecommerce/vendor/codeigniter4/framework/system/Common.php(1089): CodeIgniter\View\View->render('frontend/pages/...', Array, true)
#3 /home/samueladriel/Documents/Developments/Codeigniter/Projects/putra-ecommerce/app/Controllers/Frontend/StoreController.php(36): view('frontend/pages/...', Array)
#4 /home/samueladriel/Documents/Developments/Codeigniter/Projects/putra-ecommerce/vendor/codeigniter4/framework/system/CodeIgniter.php(825): App\Controllers\Frontend\StoreController->index()
#5 /home/samueladriel/Documents/Developments/Codeigniter/Projects/putra-ecommerce/vendor/codeigniter4/framework/system/CodeIgniter.php(412): CodeIgniter\CodeIgniter->runController(Object(App\Controllers\Frontend\StoreController))
#6 /home/samueladriel/Documents/Developments/Codeigniter/Projects/putra-ecommerce/vendor/codeigniter4/framework/system/CodeIgniter.php(320): CodeIgniter\CodeIgniter->handleRequest(NULL, Object(Config\Cache), false)
#7 /home/samueladriel/Documents/Developments/Codeigniter/Projects/putra-ecommerce/public/index.php(37): CodeIgniter\CodeIgniter->run()
#8 /home/samueladriel/Documents/Developments/Codeigniter/Projects/putra-ecommerce/vendor/codeigniter4/framework/system/Commands/Server/rewrite.php(43): require_once('/home/samueladr...')
#9 {main}
CRITICAL - 2022-01-14 06:47:25 --> Undefined array key "category_id"
#0 /home/samueladriel/Documents/Developments/Codeigniter/Projects/putra-ecommerce/app/Views/frontend/pages/storedetail.php(93): CodeIgniter\Debug\Exceptions->errorHandler(2, 'Undefined array...', '/home/samueladr...', 93)
#1 /home/samueladriel/Documents/Developments/Codeigniter/Projects/putra-ecommerce/vendor/codeigniter4/framework/system/View/View.php(210): include('/home/samueladr...')
#2 /home/samueladriel/Documents/Developments/Codeigniter/Projects/putra-ecommerce/vendor/codeigniter4/framework/system/View/View.php(213): CodeIgniter\View\View->CodeIgniter\View\{closure}()
#3 /home/samueladriel/Documents/Developments/Codeigniter/Projects/putra-ecommerce/vendor/codeigniter4/framework/system/Common.php(1089): CodeIgniter\View\View->render('frontend/pages/...', Array, true)
#4 /home/samueladriel/Documents/Developments/Codeigniter/Projects/putra-ecommerce/app/Controllers/Frontend/StoreController.php(36): view('frontend/pages/...', Array)
#5 /home/samueladriel/Documents/Developments/Codeigniter/Projects/putra-ecommerce/vendor/codeigniter4/framework/system/CodeIgniter.php(825): App\Controllers\Frontend\StoreController->index()
#6 /home/samueladriel/Documents/Developments/Codeigniter/Projects/putra-ecommerce/vendor/codeigniter4/framework/system/CodeIgniter.php(412): CodeIgniter\CodeIgniter->runController(Object(App\Controllers\Frontend\StoreController))
#7 /home/samueladriel/Documents/Developments/Codeigniter/Projects/putra-ecommerce/vendor/codeigniter4/framework/system/CodeIgniter.php(320): CodeIgniter\CodeIgniter->handleRequest(NULL, Object(Config\Cache), false)
#8 /home/samueladriel/Documents/Developments/Codeigniter/Projects/putra-ecommerce/public/index.php(37): CodeIgniter\CodeIgniter->run()
#9 /home/samueladriel/Documents/Developments/Codeigniter/Projects/putra-ecommerce/vendor/codeigniter4/framework/system/Commands/Server/rewrite.php(43): require_once('/home/samueladr...')
#10 {main}
CRITICAL - 2022-01-14 21:03:53 --> Undefined variable $variable
#0 /home/samueladriel/Documents/Developments/Codeigniter/Projects/putra-ecommerce/app/Views/frontend/pages/storedetail.php(72): CodeIgniter\Debug\Exceptions->errorHandler(2, 'Undefined varia...', '/home/samueladr...', 72)
#1 /home/samueladriel/Documents/Developments/Codeigniter/Projects/putra-ecommerce/vendor/codeigniter4/framework/system/View/View.php(210): include('/home/samueladr...')
#2 /home/samueladriel/Documents/Developments/Codeigniter/Projects/putra-ecommerce/vendor/codeigniter4/framework/system/View/View.php(213): CodeIgniter\View\View->CodeIgniter\View\{closure}()
#3 /home/samueladriel/Documents/Developments/Codeigniter/Projects/putra-ecommerce/vendor/codeigniter4/framework/system/Common.php(1089): CodeIgniter\View\View->render('frontend/pages/...', Array, true)
#4 /home/samueladriel/Documents/Developments/Codeigniter/Projects/putra-ecommerce/app/Controllers/Frontend/StoreController.php(36): view('frontend/pages/...', Array)
#5 /home/samueladriel/Documents/Developments/Codeigniter/Projects/putra-ecommerce/vendor/codeigniter4/framework/system/CodeIgniter.php(825): App\Controllers\Frontend\StoreController->index()
#6 /home/samueladriel/Documents/Developments/Codeigniter/Projects/putra-ecommerce/vendor/codeigniter4/framework/system/CodeIgniter.php(412): CodeIgniter\CodeIgniter->runController(Object(App\Controllers\Frontend\StoreController))
#7 /home/samueladriel/Documents/Developments/Codeigniter/Projects/putra-ecommerce/vendor/codeigniter4/framework/system/CodeIgniter.php(320): CodeIgniter\CodeIgniter->handleRequest(NULL, Object(Config\Cache), false)
#8 /home/samueladriel/Documents/Developments/Codeigniter/Projects/putra-ecommerce/public/index.php(37): CodeIgniter\CodeIgniter->run()
#9 /home/samueladriel/Documents/Developments/Codeigniter/Projects/putra-ecommerce/vendor/codeigniter4/framework/system/Commands/Server/rewrite.php(43): require_once('/home/samueladr...')
#10 {main}
CRITICAL - 2022-01-14 22:04:34 --> There is no data to insert.
#0 /home/samueladriel/Documents/Developments/Codeigniter/Projects/putra-ecommerce/vendor/codeigniter4/framework/system/BaseModel.php(718): CodeIgniter\Database\Exceptions\DataException::forEmptyDataset('insert')
#1 /home/samueladriel/Documents/Developments/Codeigniter/Projects/putra-ecommerce/vendor/codeigniter4/framework/system/Model.php(625): CodeIgniter\BaseModel->insert(Array, false)
#2 /home/samueladriel/Documents/Developments/Codeigniter/Projects/putra-ecommerce/vendor/codeigniter4/framework/system/BaseModel.php(658): CodeIgniter\Model->insert(Array, false)
#3 /home/samueladriel/Documents/Developments/Codeigniter/Projects/putra-ecommerce/app/Controllers/Frontend/ProductController.php(140): CodeIgniter\BaseModel->save(Array)
#4 /home/samueladriel/Documents/Developments/Codeigniter/Projects/putra-ecommerce/vendor/codeigniter4/framework/system/CodeIgniter.php(825): App\Controllers\Frontend\ProductController->addtocart()
#5 /home/samueladriel/Documents/Developments/Codeigniter/Projects/putra-ecommerce/vendor/codeigniter4/framework/system/CodeIgniter.php(412): CodeIgniter\CodeIgniter->runController(Object(App\Controllers\Frontend\ProductController))
#6 /home/samueladriel/Documents/Developments/Codeigniter/Projects/putra-ecommerce/vendor/codeigniter4/framework/system/CodeIgniter.php(320): CodeIgniter\CodeIgniter->handleRequest(NULL, Object(Config\Cache), false)
#7 /home/samueladriel/Documents/Developments/Codeigniter/Projects/putra-ecommerce/public/index.php(37): CodeIgniter\CodeIgniter->run()
#8 /home/samueladriel/Documents/Developments/Codeigniter/Projects/putra-ecommerce/vendor/codeigniter4/framework/system/Commands/Server/rewrite.php(43): require_once('/home/samueladr...')
#9 {main}
CRITICAL - 2022-01-14 22:09:26 --> Undefined variable $categories
#0 /home/samueladriel/Documents/Developments/Codeigniter/Projects/putra-ecommerce/app/Views/frontend/common/categories.php(13): CodeIgniter\Debug\Exceptions->errorHandler(2, 'Undefined varia...', '/home/samueladr...', 13)
#1 /home/samueladriel/Documents/Developments/Codeigniter/Projects/putra-ecommerce/vendor/codeigniter4/framework/system/View/View.php(210): include('/home/samueladr...')
#2 /home/samueladriel/Documents/Developments/Codeigniter/Projects/putra-ecommerce/vendor/codeigniter4/framework/system/View/View.php(213): CodeIgniter\View\View->CodeIgniter\View\{closure}()
#3 /home/samueladriel/Documents/Developments/Codeigniter/Projects/putra-ecommerce/vendor/codeigniter4/framework/system/View/View.php(424): CodeIgniter\View\View->render('frontend/common...', NULL, true)
#4 /home/samueladriel/Documents/Developments/Codeigniter/Projects/putra-ecommerce/app/Views/frontend/pages/cart.php(14): CodeIgniter\View\View->include('frontend/common...')
#5 /home/samueladriel/Documents/Developments/Codeigniter/Projects/putra-ecommerce/vendor/codeigniter4/framework/system/View/View.php(210): include('/home/samueladr...')
#6 /home/samueladriel/Documents/Developments/Codeigniter/Projects/putra-ecommerce/vendor/codeigniter4/framework/system/View/View.php(213): CodeIgniter\View\View->CodeIgniter\View\{closure}()
#7 /home/samueladriel/Documents/Developments/Codeigniter/Projects/putra-ecommerce/vendor/codeigniter4/framework/system/Common.php(1089): CodeIgniter\View\View->render('frontend/pages/...', Array, true)
#8 /home/samueladriel/Documents/Developments/Codeigniter/Projects/putra-ecommerce/app/Controllers/Frontend/CartController.php(11): view('frontend/pages/...')
#9 /home/samueladriel/Documents/Developments/Codeigniter/Projects/putra-ecommerce/vendor/codeigniter4/framework/system/CodeIgniter.php(825): App\Controllers\Frontend\CartController->index()
#10 /home/samueladriel/Documents/Developments/Codeigniter/Projects/putra-ecommerce/vendor/codeigniter4/framework/system/CodeIgniter.php(412): CodeIgniter\CodeIgniter->runController(Object(App\Controllers\Frontend\CartController))
#11 /home/samueladriel/Documents/Developments/Codeigniter/Projects/putra-ecommerce/vendor/codeigniter4/framework/system/CodeIgniter.php(320): CodeIgniter\CodeIgniter->handleRequest(NULL, Object(Config\Cache), false)
#12 /home/samueladriel/Documents/Developments/Codeigniter/Projects/putra-ecommerce/public/index.php(37): CodeIgniter\CodeIgniter->run()
#13 /home/samueladriel/Documents/Developments/Codeigniter/Projects/putra-ecommerce/vendor/codeigniter4/framework/system/Commands/Server/rewrite.php(43): require_once('/home/samueladr...')
#14 {main}
CRITICAL - 2022-01-14 22:10:35 --> Undefined property: App\Controllers\Frontend\CartController::$categories
#0 /home/samueladriel/Documents/Developments/Codeigniter/Projects/putra-ecommerce/app/Controllers/Frontend/CartController.php(12): CodeIgniter\Debug\Exceptions->errorHandler(2, 'Undefined prope...', '/home/samueladr...', 12)
#1 /home/samueladriel/Documents/Developments/Codeigniter/Projects/putra-ecommerce/vendor/codeigniter4/framework/system/CodeIgniter.php(825): App\Controllers\Frontend\CartController->index()
#2 /home/samueladriel/Documents/Developments/Codeigniter/Projects/putra-ecommerce/vendor/codeigniter4/framework/system/CodeIgniter.php(412): CodeIgniter\CodeIgniter->runController(Object(App\Controllers\Frontend\CartController))
#3 /home/samueladriel/Documents/Developments/Codeigniter/Projects/putra-ecommerce/vendor/codeigniter4/framework/system/CodeIgniter.php(320): CodeIgniter\CodeIgniter->handleRequest(NULL, Object(Config\Cache), false)
#4 /home/samueladriel/Documents/Developments/Codeigniter/Projects/putra-ecommerce/public/index.php(37): CodeIgniter\CodeIgniter->run()
#5 /home/samueladriel/Documents/Developments/Codeigniter/Projects/putra-ecommerce/vendor/codeigniter4/framework/system/Commands/Server/rewrite.php(43): require_once('/home/samueladr...')
#6 {main}
